#
# There is insufficient memory for the Java Runtime Environment to continue.
# Native memory allocation (malloc) failed to allocate 2041936 bytes for Chunk::new
# Possible reasons:
#   The system is out of physical RAM or swap space
#   The process is running with CompressedOops enabled, and the Java Heap may be blocking the growth of the native heap
# Possible solutions:
#   Reduce memory load on the system
#   Increase physical memory or swap space
#   Check if swap backing store is full
#   Decrease Java heap size (-Xmx/-Xms)
#   Decrease number of Java threads
#   Decrease Java thread stack sizes (-Xss)
#   Set larger code cache with -XX:ReservedCodeCacheSize=
#   JVM is running with Unscaled Compressed Oops mode in which the Java heap is
#     placed in the first 4GB address space. The Java Heap base address is the
#     maximum limit for the native heap growth. Please use -XX:HeapBaseMinAddress
#     to set the Java Heap base and to place the Java Heap above 4GB virtual address.
# This output file may be truncated or incomplete.
#
#  Out of Memory Error (./src/hotspot/share/memory/arena.cpp:197), pid=4124, tid=9080
#
# JRE version: OpenJDK Runtime Environment (11.0.12+7) (build 11.0.12+7-b1504.28-7817840)
# Java VM: OpenJDK 64-Bit Server VM (11.0.12+7-b1504.28-7817840, mixed mode, tiered, compressed oops, g1 gc, windows-amd64)
# No core dump will be written. Minidumps are not enabled by default on client versions of Windows
#

---------------  S U M M A R Y ------------

Command Line: --add-opens=java.base/java.util=ALL-UNNAMED --add-opens=java.base/java.lang=ALL-UNNAMED --add-opens=java.base/java.lang.invoke=ALL-UNNAMED --add-opens=java.base/java.util=ALL-UNNAMED --add-opens=java.prefs/java.util.prefs=ALL-UNNAMED --add-opens=java.prefs/java.util.prefs=ALL-UNNAMED --add-opens=java.base/java.nio.charset=ALL-UNNAMED --add-opens=java.base/java.net=ALL-UNNAMED --add-opens=java.base/java.util.concurrent.atomic=ALL-UNNAMED -Xmx2048m -Dfile.encoding=UTF-8 -Duser.country=IN -Duser.language=en -Duser.variant org.gradle.launcher.daemon.bootstrap.GradleDaemon 7.3.3

Host: Intel(R) Core(TM) i3-3210 CPU @ 3.20GHz, 4 cores, 7G,  Windows 10 , 64 bit Build 14393 (10.0.14393.2969)
Time: Fri Aug 26 18:57:07 2022 India Standard Time elapsed time: 6245.916076 seconds (0d 1h 44m 5s)

---------------  T H R E A D  ---------------

Current thread (0x00000243df56f800):  JavaThread "C2 CompilerThread1" daemon [_thread_in_native, id=9080, stack(0x0000006e2bd00000,0x0000006e2be00000)]


Current CompileTask:
C2:6245916 29400       4       com.android.ide.common.resources.ResourceMerger::buildCache (422 bytes)

Stack: [0x0000006e2bd00000,0x0000006e2be00000]
Native frames: (J=compiled Java code, j=interpreted, Vv=VM code, C=native code)
V  [jvm.dll+0x5fbcea]
V  [jvm.dll+0x731905]
V  [jvm.dll+0x732f1d]
V  [jvm.dll+0x7335d3]
V  [jvm.dll+0x247bf8]
V  [jvm.dll+0xc018c]
V  [jvm.dll+0xc06cc]
V  [jvm.dll+0x35b31d]
V  [jvm.dll+0x328803]
V  [jvm.dll+0x327cfa]
V  [jvm.dll+0x200602]
V  [jvm.dll+0x1ff794]
V  [jvm.dll+0x18868c]
V  [jvm.dll+0x20e0d7]
V  [jvm.dll+0x20c901]
V  [jvm.dll+0x6f9b7f]
V  [jvm.dll+0x6f26a5]
V  [jvm.dll+0x5fabf6]
C  [ucrtbase.dll+0x1f4a0]
C  [KERNEL32.DLL+0x84d4]
C  [ntdll.dll+0x6e8b1]


---------------  P R O C E S S  ---------------

Threads class SMR info:
_java_thread_list=0x00000243ddd51f00, length=87, elements={
0x00000243b842c000, 0x00000243d406a000, 0x00000243d406b000, 0x00000243d407d800,
0x00000243d407e800, 0x00000243d407f800, 0x00000243d4084800, 0x00000243d408a000,
0x00000243d4090800, 0x00000243d4b24800, 0x00000243d5ef7800, 0x00000243d71aa800,
0x00000243d71a7800, 0x00000243d5af8000, 0x00000243d5af9000, 0x00000243d5af7800,
0x00000243d5afa800, 0x00000243d5afe000, 0x00000243d5afb800, 0x00000243d5afc800,
0x00000243d9fa4800, 0x00000243d9fa5000, 0x00000243d718e800, 0x00000243df572000,
0x00000243da9ff800, 0x00000243da9fb000, 0x00000243da9f2000, 0x00000243da9f8800,
0x00000243da9f3800, 0x00000243da9fa000, 0x00000243da9f4000, 0x00000243da9f5000,
0x00000243da9fc800, 0x00000243daa00800, 0x00000243d718a800, 0x00000243d718a000,
0x00000243d7187800, 0x00000243d7188000, 0x00000243d7189000, 0x00000243d718e000,
0x00000243d718d000, 0x00000243d7190800, 0x00000243d718c000, 0x00000243d7191000,
0x00000243d718b800, 0x00000243d7192000, 0x00000243d7196000, 0x00000243d7194800,
0x00000243d7195000, 0x00000243d7193000, 0x00000243d7193800, 0x00000243d7b36000,
0x00000243d7b35800, 0x00000243d7b33800, 0x00000243d7b38800, 0x00000243d7b37000,
0x00000243d7b34800, 0x00000243d7b37800, 0x00000243d7b33000, 0x00000243d7b3b000,
0x00000243d7b3a000, 0x00000243d7b3e800, 0x00000243d7b3f000, 0x00000243d7b3c000,
0x00000243d7b39800, 0x00000243d7b40000, 0x00000243d7b40800, 0x00000243d7b41800,
0x00000243df564000, 0x00000243df565000, 0x00000243df565800, 0x00000243df566800,
0x00000243df569000, 0x00000243df567800, 0x00000243df563800, 0x00000243df56a800,
0x00000243df56a000, 0x00000243df56c800, 0x00000243df568000, 0x00000243df56f800,
0x00000243df56d000, 0x00000243df571000, 0x00000243df570800, 0x00000243df56b800,
0x00000243d9fa0800, 0x00000243d9fa7000, 0x00000243d9fa1000
}

Java Threads: ( => current thread )
  0x00000243b842c000 JavaThread "main" [_thread_blocked, id=10480, stack(0x0000006e72c00000,0x0000006e72d00000)]
  0x00000243d406a000 JavaThread "Reference Handler" daemon [_thread_blocked, id=9440, stack(0x0000006e73300000,0x0000006e73400000)]
  0x00000243d406b000 JavaThread "Finalizer" daemon [_thread_blocked, id=8668, stack(0x0000006e73400000,0x0000006e73500000)]
  0x00000243d407d800 JavaThread "Signal Dispatcher" daemon [_thread_blocked, id=6556, stack(0x0000006e73500000,0x0000006e73600000)]
  0x00000243d407e800 JavaThread "Attach Listener" daemon [_thread_blocked, id=80, stack(0x0000006e73600000,0x0000006e73700000)]
  0x00000243d407f800 JavaThread "Service Thread" daemon [_thread_blocked, id=9420, stack(0x0000006e73700000,0x0000006e73800000)]
  0x00000243d4084800 JavaThread "C2 CompilerThread0" daemon [_thread_in_native, id=6248, stack(0x0000006e73800000,0x0000006e73900000)]
  0x00000243d408a000 JavaThread "C1 CompilerThread0" daemon [_thread_blocked, id=3584, stack(0x0000006e73900000,0x0000006e73a00000)]
  0x00000243d4090800 JavaThread "Sweeper thread" daemon [_thread_blocked, id=10080, stack(0x0000006e73a00000,0x0000006e73b00000)]
  0x00000243d4b24800 JavaThread "Common-Cleaner" daemon [_thread_blocked, id=8472, stack(0x0000006e73b00000,0x0000006e73c00000)]
  0x00000243d5ef7800 JavaThread "Daemon health stats" [_thread_blocked, id=7148, stack(0x0000006e74000000,0x0000006e74100000)]
  0x00000243d71aa800 JavaThread "Incoming local TCP Connector on port 63620" [_thread_in_native, id=1280, stack(0x0000006e74100000,0x0000006e74200000)]
  0x00000243d71a7800 JavaThread "Daemon periodic checks" [_thread_blocked, id=1872, stack(0x0000006e74200000,0x0000006e74300000)]
  0x00000243d5af8000 JavaThread "Cache worker for journal cache (C:\Users\user76\.gradle\caches\journal-1)" [_thread_blocked, id=5752, stack(0x0000006e74a00000,0x0000006e74b00000)]
  0x00000243d5af9000 JavaThread "File lock request listener" [_thread_in_native, id=6656, stack(0x0000006e74b00000,0x0000006e74c00000)]
  0x00000243d5af7800 JavaThread "Cache worker for file hash cache (C:\Users\user76\.gradle\caches\7.3.3\fileHashes)" [_thread_blocked, id=4456, stack(0x0000006e74e00000,0x0000006e74f00000)]
  0x00000243d5afa800 JavaThread "jar transforms" [_thread_blocked, id=5204, stack(0x0000006e75200000,0x0000006e75300000)]
  0x00000243d5afe000 JavaThread "jar transforms Thread 2" [_thread_blocked, id=796, stack(0x0000006e75300000,0x0000006e75400000)]
  0x00000243d5afb800 JavaThread "jar transforms Thread 3" [_thread_blocked, id=7044, stack(0x0000006e75400000,0x0000006e75500000)]
  0x00000243d5afc800 JavaThread "jar transforms Thread 4" [_thread_blocked, id=7048, stack(0x0000006e75500000,0x0000006e75600000)]
  0x00000243d9fa4800 JavaThread "Cache worker for execution history cache (C:\Users\user76\.gradle\caches\7.3.3\executionHistory)" [_thread_blocked, id=4988, stack(0x0000006e75900000,0x0000006e75a00000)]
  0x00000243d9fa5000 JavaThread "Cache worker for file content cache (C:\Users\user76\.gradle\caches\7.3.3\fileContent)" [_thread_blocked, id=4800, stack(0x0000006e75b00000,0x0000006e75c00000)]
  0x00000243d718e800 JavaThread "Memory manager" [_thread_blocked, id=11100, stack(0x0000006e78a00000,0x0000006e78b00000)]
  0x00000243df572000 JavaThread "Cache worker for Java compile cache (C:\Users\user76\.gradle\caches\7.3.3\javaCompile)" [_thread_blocked, id=7060, stack(0x0000006e02200000,0x0000006e02300000)]
  0x00000243da9ff800 JavaThread "ForkJoinPool.commonPool-worker-1" daemon [_thread_blocked, id=4464, stack(0x0000006e1bb00000,0x0000006e1bc00000)]
  0x00000243da9fb000 JavaThread "ForkJoinPool.commonPool-worker-5" daemon [_thread_blocked, id=8200, stack(0x0000006e28600000,0x0000006e28700000)]
  0x00000243da9f2000 JavaThread "Daemon Thread 9" [_thread_blocked, id=9156, stack(0x0000006e28800000,0x0000006e28900000)]
  0x00000243da9f8800 JavaThread "Handler for socket connection from /127.0.0.1:63620 to /127.0.0.1:49678" [_thread_in_native, id=7028, stack(0x0000006e28900000,0x0000006e28a00000)]
  0x00000243da9f3800 JavaThread "Cancel handler" [_thread_blocked, id=2372, stack(0x0000006e28a00000,0x0000006e28b00000)]
  0x00000243da9fa000 JavaThread "Daemon worker Thread 9" [_thread_in_Java, id=6000, stack(0x0000006e28b00000,0x0000006e28c00000)]
  0x00000243da9f4000 JavaThread "Asynchronous log dispatcher for DefaultDaemonConnection: socket connection from /127.0.0.1:63620 to /127.0.0.1:49678" [_thread_blocked, id=4900, stack(0x0000006e28c00000,0x0000006e28d00000)]
  0x00000243da9f5000 JavaThread "Stdin handler" [_thread_blocked, id=2728, stack(0x0000006e28d00000,0x0000006e28e00000)]
  0x00000243da9fc800 JavaThread "Daemon client event forwarder" [_thread_in_vm_trans, id=912, stack(0x0000006e28e00000,0x0000006e28f00000)]
  0x00000243daa00800 JavaThread "Cache worker for file hash cache (D:\DENNY\OFFICIAL\Android_Official\Drug_post_Detection\DrugDefender\.gradle\7.3.3\fileHashes)" [_thread_blocked, id=9164, stack(0x0000006e28f00000,0x0000006e29000000)]
  0x00000243d718a800 JavaThread "Cache worker for checksums cache (D:\DENNY\OFFICIAL\Android_Official\Drug_post_Detection\DrugDefender\.gradle\7.3.3\checksums)" [_thread_blocked, id=10012, stack(0x0000006e29000000,0x0000006e29100000)]
  0x00000243d718a000 JavaThread "Cache worker for cache directory md-supplier (C:\Users\user76\.gradle\caches\7.3.3\md-supplier)" [_thread_blocked, id=4652, stack(0x0000006e29100000,0x0000006e29200000)]
  0x00000243d7187800 JavaThread "Cache worker for cache directory md-rule (C:\Users\user76\.gradle\caches\7.3.3\md-rule)" [_thread_blocked, id=6028, stack(0x0000006e29200000,0x0000006e29300000)]
  0x00000243d7188000 JavaThread "Cache worker for dependencies-accessors (D:\DENNY\OFFICIAL\Android_Official\Drug_post_Detection\DrugDefender\.gradle\7.3.3\dependencies-accessors)" [_thread_blocked, id=10936, stack(0x0000006e29300000,0x0000006e29400000)]
  0x00000243d7189000 JavaThread "Cache worker for Build Output Cleanup Cache (D:\DENNY\OFFICIAL\Android_Official\Drug_post_Detection\DrugDefender\.gradle\buildOutputCleanup)" [_thread_blocked, id=10376, stack(0x0000006e29400000,0x0000006e29500000)]
  0x00000243d718e000 JavaThread "Unconstrained build operations" [_thread_blocked, id=5520, stack(0x0000006e29500000,0x0000006e29600000)]
  0x00000243d718d000 JavaThread "Unconstrained build operations Thread 2" [_thread_blocked, id=10616, stack(0x0000006e29600000,0x0000006e29700000)]
  0x00000243d7190800 JavaThread "Unconstrained build operations Thread 3" [_thread_blocked, id=10708, stack(0x0000006e29700000,0x0000006e29800000)]
  0x00000243d718c000 JavaThread "Unconstrained build operations Thread 4" [_thread_blocked, id=4636, stack(0x0000006e29800000,0x0000006e29900000)]
  0x00000243d7191000 JavaThread "Unconstrained build operations Thread 5" [_thread_blocked, id=288, stack(0x0000006e29900000,0x0000006e29a00000)]
  0x00000243d718b800 JavaThread "Unconstrained build operations Thread 6" [_thread_blocked, id=5440, stack(0x0000006e29a00000,0x0000006e29b00000)]
  0x00000243d7192000 JavaThread "Unconstrained build operations Thread 7" [_thread_blocked, id=6884, stack(0x0000006e29b00000,0x0000006e29c00000)]
  0x00000243d7196000 JavaThread "Unconstrained build operations Thread 8" [_thread_blocked, id=7652, stack(0x0000006e29c00000,0x0000006e29d00000)]
  0x00000243d7194800 JavaThread "Unconstrained build operations Thread 9" [_thread_blocked, id=10564, stack(0x0000006e29d00000,0x0000006e29e00000)]
  0x00000243d7195000 JavaThread "Unconstrained build operations Thread 10" [_thread_blocked, id=6644, stack(0x0000006e29e00000,0x0000006e29f00000)]
  0x00000243d7193000 JavaThread "Unconstrained build operations Thread 11" [_thread_blocked, id=5364, stack(0x0000006e29f00000,0x0000006e2a000000)]
  0x00000243d7193800 JavaThread "Unconstrained build operations Thread 12" [_thread_blocked, id=4676, stack(0x0000006e2a000000,0x0000006e2a100000)]
  0x00000243d7b36000 JavaThread "Unconstrained build operations Thread 13" [_thread_blocked, id=7264, stack(0x0000006e2a100000,0x0000006e2a200000)]
  0x00000243d7b35800 JavaThread "Unconstrained build operations Thread 14" [_thread_blocked, id=9040, stack(0x0000006e2a200000,0x0000006e2a300000)]
  0x00000243d7b33800 JavaThread "Unconstrained build operations Thread 15" [_thread_blocked, id=1096, stack(0x0000006e2a300000,0x0000006e2a400000)]
  0x00000243d7b38800 JavaThread "Unconstrained build operations Thread 16" [_thread_blocked, id=10680, stack(0x0000006e2a400000,0x0000006e2a500000)]
  0x00000243d7b37000 JavaThread "Unconstrained build operations Thread 17" [_thread_blocked, id=3824, stack(0x0000006e2a500000,0x0000006e2a600000)]
  0x00000243d7b34800 JavaThread "Unconstrained build operations Thread 18" [_thread_blocked, id=3244, stack(0x0000006e2a600000,0x0000006e2a700000)]
  0x00000243d7b37800 JavaThread "Unconstrained build operations Thread 19" [_thread_blocked, id=10988, stack(0x0000006e2a700000,0x0000006e2a800000)]
  0x00000243d7b33000 JavaThread "Unconstrained build operations Thread 20" [_thread_blocked, id=11016, stack(0x0000006e2a800000,0x0000006e2a900000)]
  0x00000243d7b3b000 JavaThread "Unconstrained build operations Thread 21" [_thread_blocked, id=4036, stack(0x0000006e2a900000,0x0000006e2aa00000)]
  0x00000243d7b3a000 JavaThread "Unconstrained build operations Thread 22" [_thread_blocked, id=8140, stack(0x0000006e2aa00000,0x0000006e2ab00000)]
  0x00000243d7b3e800 JavaThread "Unconstrained build operations Thread 23" [_thread_blocked, id=7068, stack(0x0000006e2ab00000,0x0000006e2ac00000)]
  0x00000243d7b3f000 JavaThread "Unconstrained build operations Thread 24" [_thread_blocked, id=6484, stack(0x0000006e2ac00000,0x0000006e2ad00000)]
  0x00000243d7b3c000 JavaThread "Unconstrained build operations Thread 25" [_thread_blocked, id=5824, stack(0x0000006e2ad00000,0x0000006e2ae00000)]
  0x00000243d7b39800 JavaThread "Unconstrained build operations Thread 26" [_thread_blocked, id=6704, stack(0x0000006e2ae00000,0x0000006e2af00000)]
  0x00000243d7b40000 JavaThread "Unconstrained build operations Thread 27" [_thread_blocked, id=8380, stack(0x0000006e2af00000,0x0000006e2b000000)]
  0x00000243d7b40800 JavaThread "Unconstrained build operations Thread 28" [_thread_blocked, id=10976, stack(0x0000006e2b000000,0x0000006e2b100000)]
  0x00000243d7b41800 JavaThread "Unconstrained build operations Thread 29" [_thread_blocked, id=3380, stack(0x0000006e2b100000,0x0000006e2b200000)]
  0x00000243df564000 JavaThread "Unconstrained build operations Thread 30" [_thread_blocked, id=4832, stack(0x0000006e2b200000,0x0000006e2b300000)]
  0x00000243df565000 JavaThread "Unconstrained build operations Thread 31" [_thread_blocked, id=3304, stack(0x0000006e2b300000,0x0000006e2b400000)]
  0x00000243df565800 JavaThread "Unconstrained build operations Thread 32" [_thread_blocked, id=4704, stack(0x0000006e2b400000,0x0000006e2b500000)]
  0x00000243df566800 JavaThread "Unconstrained build operations Thread 33" [_thread_blocked, id=4056, stack(0x0000006e2b500000,0x0000006e2b600000)]
  0x00000243df569000 JavaThread "Unconstrained build operations Thread 34" [_thread_blocked, id=2980, stack(0x0000006e2b600000,0x0000006e2b700000)]
  0x00000243df567800 JavaThread "Unconstrained build operations Thread 35" [_thread_blocked, id=4708, stack(0x0000006e2b700000,0x0000006e2b800000)]
  0x00000243df563800 JavaThread "Unconstrained build operations Thread 36" [_thread_blocked, id=184, stack(0x0000006e2b800000,0x0000006e2b900000)]
  0x00000243df56a800 JavaThread "Unconstrained build operations Thread 37" [_thread_blocked, id=9192, stack(0x0000006e2b900000,0x0000006e2ba00000)]
  0x00000243df56a000 JavaThread "Unconstrained build operations Thread 38" [_thread_blocked, id=3032, stack(0x0000006e2ba00000,0x0000006e2bb00000)]
  0x00000243df56c800 JavaThread "Unconstrained build operations Thread 39" [_thread_blocked, id=2964, stack(0x0000006e2bb00000,0x0000006e2bc00000)]
  0x00000243df568000 JavaThread "Unconstrained build operations Thread 40" [_thread_blocked, id=11156, stack(0x0000006e2bc00000,0x0000006e2bd00000)]
=>0x00000243df56f800 JavaThread "C2 CompilerThread1" daemon [_thread_in_native, id=9080, stack(0x0000006e2bd00000,0x0000006e2be00000)]
  0x00000243df56d000 JavaThread "build event listener" [_thread_blocked, id=2904, stack(0x0000006e2be00000,0x0000006e2bf00000)]
  0x00000243df571000 JavaThread "Execution worker for ':'" [_thread_in_vm, id=2368, stack(0x0000006e2bf00000,0x0000006e2c000000)]
  0x00000243df570800 JavaThread "Execution worker for ':' Thread 2" [_thread_blocked, id=460, stack(0x0000006e2c000000,0x0000006e2c100000)]
  0x00000243df56b800 JavaThread "Execution worker for ':' Thread 3" [_thread_blocked, id=6612, stack(0x0000006e2c100000,0x0000006e2c200000)]
  0x00000243d9fa0800 JavaThread "Cache worker for execution history cache (D:\DENNY\OFFICIAL\Android_Official\Drug_post_Detection\DrugDefender\.gradle\7.3.3\executionHistory)" [_thread_blocked, id=9468, stack(0x0000006e2c200000,0x0000006e2c300000)]
  0x00000243d9fa7000 JavaThread "WorkerExecutor Queue" [_thread_in_native, id=4008, stack(0x0000006e2c300000,0x0000006e2c400000)]
  0x00000243d9fa1000 JavaThread "WorkerExecutor Queue Thread 2" [_thread_blocked, id=2692, stack(0x0000006e2c400000,0x0000006e2c500000)]

Other Threads:
  0x00000243d4064000 VMThread "VM Thread" [stack: 0x0000006e73200000,0x0000006e73300000] [id=5384]
  0x00000243d4b61800 WatcherThread [stack: 0x0000006e73c00000,0x0000006e73d00000] [id=11172]
  0x00000243ba48a000 GCTaskThread "GC Thread#0" [stack: 0x0000006e72d00000,0x0000006e72e00000] [id=7928]
  0x00000243d5577000 GCTaskThread "GC Thread#1" [stack: 0x0000006e73e00000,0x0000006e73f00000] [id=5040]
  0x00000243d7746000 GCTaskThread "GC Thread#2" [stack: 0x0000006e74c00000,0x0000006e74d00000] [id=600]
  0x00000243d600e800 GCTaskThread "GC Thread#3" [stack: 0x0000006e74d00000,0x0000006e74e00000] [id=7212]
  0x00000243ba4bd800 ConcurrentGCThread "G1 Main Marker" [stack: 0x0000006e72e00000,0x0000006e72f00000] [id=4804]
  0x00000243ba4bf800 ConcurrentGCThread "G1 Conc#0" [stack: 0x0000006e72f00000,0x0000006e73000000] [id=2636]
  0x00000243ba54b800 ConcurrentGCThread "G1 Refine#0" [stack: 0x0000006e73000000,0x0000006e73100000] [id=10052]
  0x00000243ba54c800 ConcurrentGCThread "G1 Young RemSet Sampling" [stack: 0x0000006e73100000,0x0000006e73200000] [id=9836]

Threads with active compile tasks:
C2 CompilerThread06245981 29403       4       com.android.ide.common.resources.DataSet::appendToXml (390 bytes)
C2 CompilerThread16245981 29400       4       com.android.ide.common.resources.ResourceMerger::buildCache (422 bytes)

VM state:not at safepoint (normal execution)

VM Mutex/Monitor currently owned by a thread: None

Heap address: 0x0000000080000000, size: 2048 MB, Compressed Oops mode: 32-bit
Narrow klass base: 0x0000000000000000, Narrow klass shift: 3
Compressed class space size: 1073741824 Address: 0x0000000100000000

Heap:
 garbage-first heap   total 274432K, used 213576K [0x0000000080000000, 0x0000000100000000)
  region size 1024K, 54 young (55296K), 5 survivors (5120K)
 Metaspace       used 139885K, capacity 144150K, committed 144384K, reserved 1175552K
  class space    used 17074K, capacity 18646K, committed 18688K, reserved 1048576K
Heap Regions: E=young(eden), S=young(survivor), O=old, HS=humongous(starts), HC=humongous(continues), CS=collection set, F=free, A=archive, TAMS=top-at-mark-start (previous, next)
|   0|0x0000000080000000, 0x0000000080100000, 0x0000000080100000|100%| O|  |TAMS 0x0000000080100000, 0x0000000080000000| Untracked 
|   1|0x0000000080100000, 0x0000000080200000, 0x0000000080200000|100%| O|  |TAMS 0x0000000080200000, 0x0000000080100000| Untracked 
|   2|0x0000000080200000, 0x0000000080300000, 0x0000000080300000|100%| O|  |TAMS 0x0000000080300000, 0x0000000080200000| Untracked 
|   3|0x0000000080300000, 0x0000000080400000, 0x0000000080400000|100%|HS|  |TAMS 0x0000000080400000, 0x0000000080300000| Complete 
|   4|0x0000000080400000, 0x0000000080500000, 0x0000000080500000|100%|HC|  |TAMS 0x0000000080500000, 0x0000000080400000| Complete 
|   5|0x0000000080500000, 0x0000000080600000, 0x0000000080600000|100%|HC|  |TAMS 0x0000000080600000, 0x0000000080500000| Complete 
|   6|0x0000000080600000, 0x0000000080700000, 0x0000000080700000|100%| O|  |TAMS 0x0000000080700000, 0x0000000080600000| Untracked 
|   7|0x0000000080700000, 0x0000000080800000, 0x0000000080800000|100%| O|  |TAMS 0x0000000080800000, 0x0000000080700000| Untracked 
|   8|0x0000000080800000, 0x0000000080900000, 0x0000000080900000|100%| O|  |TAMS 0x0000000080900000, 0x0000000080800000| Complete 
|   9|0x0000000080900000, 0x0000000080a00000, 0x0000000080a00000|100%| O|  |TAMS 0x0000000080a00000, 0x0000000080900000| Untracked 
|  10|0x0000000080a00000, 0x0000000080b00000, 0x0000000080b00000|100%| O|  |TAMS 0x0000000080b00000, 0x0000000080a00000| Untracked 
|  11|0x0000000080b00000, 0x0000000080c00000, 0x0000000080c00000|100%| O|  |TAMS 0x0000000080c00000, 0x0000000080b00000| Untracked 
|  12|0x0000000080c00000, 0x0000000080d00000, 0x0000000080d00000|100%| O|  |TAMS 0x0000000080d00000, 0x0000000080c00000| Untracked 
|  13|0x0000000080d00000, 0x0000000080e00000, 0x0000000080e00000|100%| O|  |TAMS 0x0000000080e00000, 0x0000000080d00000| Complete 
|  14|0x0000000080e00000, 0x0000000080f00000, 0x0000000080f00000|100%| O|  |TAMS 0x0000000080f00000, 0x0000000080e00000| Untracked 
|  15|0x0000000080f00000, 0x0000000081000000, 0x0000000081000000|100%| O|  |TAMS 0x0000000081000000, 0x0000000080f00000| Complete 
|  16|0x0000000081000000, 0x0000000081100000, 0x0000000081100000|100%| O|  |TAMS 0x0000000081100000, 0x0000000081000000| Complete 
|  17|0x0000000081100000, 0x0000000081200000, 0x0000000081200000|100%| O|  |TAMS 0x0000000081200000, 0x0000000081100000| Complete 
|  18|0x0000000081200000, 0x0000000081300000, 0x0000000081300000|100%|HS|  |TAMS 0x0000000081300000, 0x0000000081200000| Complete 
|  19|0x0000000081300000, 0x0000000081400000, 0x0000000081400000|100%|HC|  |TAMS 0x0000000081400000, 0x0000000081300000| Complete 
|  20|0x0000000081400000, 0x0000000081500000, 0x0000000081500000|100%|HS|  |TAMS 0x0000000081500000, 0x0000000081400000| Complete 
|  21|0x0000000081500000, 0x0000000081600000, 0x0000000081600000|100%|HC|  |TAMS 0x0000000081600000, 0x0000000081500000| Complete 
|  22|0x0000000081600000, 0x0000000081700000, 0x0000000081700000|100%|HC|  |TAMS 0x0000000081700000, 0x0000000081600000| Complete 
|  23|0x0000000081700000, 0x0000000081800000, 0x0000000081800000|100%|HS|  |TAMS 0x0000000081800000, 0x0000000081700000| Complete 
|  24|0x0000000081800000, 0x0000000081900000, 0x0000000081900000|100%|HS|  |TAMS 0x0000000081900000, 0x0000000081800000| Complete 
|  25|0x0000000081900000, 0x0000000081a00000, 0x0000000081a00000|100%|HC|  |TAMS 0x0000000081a00000, 0x0000000081900000| Complete 
|  26|0x0000000081a00000, 0x0000000081b00000, 0x0000000081b00000|100%|HC|  |TAMS 0x0000000081b00000, 0x0000000081a00000| Complete 
|  27|0x0000000081b00000, 0x0000000081c00000, 0x0000000081c00000|100%|HC|  |TAMS 0x0000000081c00000, 0x0000000081b00000| Complete 
|  28|0x0000000081c00000, 0x0000000081d00000, 0x0000000081d00000|100%| O|  |TAMS 0x0000000081d00000, 0x0000000081c00000| Untracked 
|  29|0x0000000081d00000, 0x0000000081e00000, 0x0000000081e00000|100%| O|  |TAMS 0x0000000081e00000, 0x0000000081d00000| Untracked 
|  30|0x0000000081e00000, 0x0000000081f00000, 0x0000000081f00000|100%| O|  |TAMS 0x0000000081f00000, 0x0000000081e00000| Complete 
|  31|0x0000000081f00000, 0x0000000082000000, 0x0000000082000000|100%| O|  |TAMS 0x0000000082000000, 0x0000000081f00000| Complete 
|  32|0x0000000082000000, 0x0000000082100000, 0x0000000082100000|100%| O|  |TAMS 0x0000000082100000, 0x0000000082000000| Complete 
|  33|0x0000000082100000, 0x0000000082200000, 0x0000000082200000|100%|HS|  |TAMS 0x0000000082200000, 0x0000000082100000| Complete 
|  34|0x0000000082200000, 0x0000000082300000, 0x0000000082300000|100%|HC|  |TAMS 0x0000000082300000, 0x0000000082200000| Complete 
|  35|0x0000000082300000, 0x0000000082400000, 0x0000000082400000|100%|HC|  |TAMS 0x0000000082400000, 0x0000000082300000| Complete 
|  36|0x0000000082400000, 0x0000000082500000, 0x0000000082500000|100%|HS|  |TAMS 0x0000000082500000, 0x0000000082400000| Complete 
|  37|0x0000000082500000, 0x0000000082600000, 0x0000000082600000|100%| O|  |TAMS 0x0000000082600000, 0x0000000082500000| Untracked 
|  38|0x0000000082600000, 0x0000000082700000, 0x0000000082700000|100%| O|  |TAMS 0x0000000082700000, 0x0000000082600000| Complete 
|  39|0x0000000082700000, 0x0000000082800000, 0x0000000082800000|100%| O|  |TAMS 0x0000000082800000, 0x0000000082700000| Complete 
|  40|0x0000000082800000, 0x0000000082900000, 0x0000000082900000|100%| O|  |TAMS 0x0000000082900000, 0x0000000082800000| Complete 
|  41|0x0000000082900000, 0x0000000082a00000, 0x0000000082a00000|100%| O|  |TAMS 0x0000000082a00000, 0x0000000082900000| Complete 
|  42|0x0000000082a00000, 0x0000000082b00000, 0x0000000082b00000|100%| O|  |TAMS 0x0000000082b00000, 0x0000000082a00000| Untracked 
|  43|0x0000000082b00000, 0x0000000082c00000, 0x0000000082c00000|100%| O|  |TAMS 0x0000000082c00000, 0x0000000082b00000| Untracked 
|  44|0x0000000082c00000, 0x0000000082d00000, 0x0000000082d00000|100%| O|  |TAMS 0x0000000082d00000, 0x0000000082c00000| Complete 
|  45|0x0000000082d00000, 0x0000000082e00000, 0x0000000082e00000|100%|HS|  |TAMS 0x0000000082e00000, 0x0000000082d00000| Complete 
|  46|0x0000000082e00000, 0x0000000082f00000, 0x0000000082f00000|100%|HC|  |TAMS 0x0000000082f00000, 0x0000000082e00000| Complete 
|  47|0x0000000082f00000, 0x0000000083000000, 0x0000000083000000|100%|HC|  |TAMS 0x0000000083000000, 0x0000000082f00000| Complete 
|  48|0x0000000083000000, 0x0000000083100000, 0x0000000083100000|100%|HC|  |TAMS 0x0000000083100000, 0x0000000083000000| Complete 
|  49|0x0000000083100000, 0x0000000083200000, 0x0000000083200000|100%| O|  |TAMS 0x0000000083200000, 0x0000000083100000| Complete 
|  50|0x0000000083200000, 0x0000000083300000, 0x0000000083300000|100%| O|  |TAMS 0x0000000083300000, 0x0000000083200000| Complete 
|  51|0x0000000083300000, 0x0000000083400000, 0x0000000083400000|100%| O|  |TAMS 0x0000000083400000, 0x0000000083300000| Complete 
|  52|0x0000000083400000, 0x0000000083500000, 0x0000000083500000|100%| O|  |TAMS 0x0000000083500000, 0x0000000083400000| Untracked 
|  53|0x0000000083500000, 0x0000000083600000, 0x0000000083600000|100%|HS|  |TAMS 0x0000000083600000, 0x0000000083500000| Complete 
|  54|0x0000000083600000, 0x0000000083700000, 0x0000000083700000|100%|HS|  |TAMS 0x0000000083700000, 0x0000000083600000| Complete 
|  55|0x0000000083700000, 0x0000000083800000, 0x0000000083800000|100%|HS|  |TAMS 0x0000000083800000, 0x0000000083700000| Complete 
|  56|0x0000000083800000, 0x0000000083900000, 0x0000000083900000|100%|HC|  |TAMS 0x0000000083900000, 0x0000000083800000| Complete 
|  57|0x0000000083900000, 0x0000000083a00000, 0x0000000083a00000|100%| O|  |TAMS 0x0000000083a00000, 0x0000000083900000| Untracked 
|  58|0x0000000083a00000, 0x0000000083b00000, 0x0000000083b00000|100%| O|  |TAMS 0x0000000083b00000, 0x0000000083a00000| Untracked 
|  59|0x0000000083b00000, 0x0000000083c00000, 0x0000000083c00000|100%| O|  |TAMS 0x0000000083c00000, 0x0000000083b00000| Complete 
|  60|0x0000000083c00000, 0x0000000083d00000, 0x0000000083d00000|100%| O|  |TAMS 0x0000000083d00000, 0x0000000083c00000| Complete 
|  61|0x0000000083d00000, 0x0000000083e00000, 0x0000000083e00000|100%| O|  |TAMS 0x0000000083e00000, 0x0000000083d00000| Untracked 
|  62|0x0000000083e00000, 0x0000000083e1aa00, 0x0000000083f00000| 10%| O|  |TAMS 0x0000000083e1aa00, 0x0000000083e00000| Untracked 
|  63|0x0000000083f00000, 0x0000000084000000, 0x0000000084000000|100%| O|  |TAMS 0x0000000084000000, 0x0000000083f00000| Untracked 
|  64|0x0000000084000000, 0x0000000084100000, 0x0000000084100000|100%| O|  |TAMS 0x0000000084100000, 0x0000000084000000| Untracked 
|  65|0x0000000084100000, 0x0000000084200000, 0x0000000084200000|100%| O|  |TAMS 0x0000000084200000, 0x0000000084100000| Untracked 
|  66|0x0000000084200000, 0x0000000084300000, 0x0000000084300000|100%| O|  |TAMS 0x0000000084300000, 0x0000000084200000| Complete 
|  67|0x0000000084300000, 0x0000000084400000, 0x0000000084400000|100%| O|  |TAMS 0x0000000084400000, 0x0000000084300000| Complete 
|  68|0x0000000084400000, 0x0000000084500000, 0x0000000084500000|100%| O|  |TAMS 0x0000000084500000, 0x0000000084400000| Complete 
|  69|0x0000000084500000, 0x0000000084600000, 0x0000000084600000|100%| O|  |TAMS 0x0000000084600000, 0x0000000084500000| Complete 
|  70|0x0000000084600000, 0x0000000084700000, 0x0000000084700000|100%| O|  |TAMS 0x0000000084700000, 0x0000000084600000| Complete 
|  71|0x0000000084700000, 0x0000000084800000, 0x0000000084800000|100%| O|  |TAMS 0x0000000084800000, 0x0000000084700000| Untracked 
|  72|0x0000000084800000, 0x0000000084900000, 0x0000000084900000|100%| O|  |TAMS 0x0000000084900000, 0x0000000084800000| Untracked 
|  73|0x0000000084900000, 0x0000000084a00000, 0x0000000084a00000|100%| O|  |TAMS 0x0000000084a00000, 0x0000000084900000| Complete 
|  74|0x0000000084a00000, 0x0000000084b00000, 0x0000000084b00000|100%|HS|  |TAMS 0x0000000084a00000, 0x0000000084a00000| Complete 
|  75|0x0000000084b00000, 0x0000000084c00000, 0x0000000084c00000|100%| O|  |TAMS 0x0000000084c00000, 0x0000000084b00000| Complete 
|  76|0x0000000084c00000, 0x0000000084d00000, 0x0000000084d00000|100%| O|  |TAMS 0x0000000084d00000, 0x0000000084c00000| Complete 
|  77|0x0000000084d00000, 0x0000000084e00000, 0x0000000084e00000|100%| O|  |TAMS 0x0000000084e00000, 0x0000000084d00000| Complete 
|  78|0x0000000084e00000, 0x0000000084f00000, 0x0000000084f00000|100%| O|  |TAMS 0x0000000084f00000, 0x0000000084e00000| Complete 
|  79|0x0000000084f00000, 0x0000000085000000, 0x0000000085000000|100%|HS|  |TAMS 0x0000000085000000, 0x0000000084f00000| Complete 
|  80|0x0000000085000000, 0x0000000085100000, 0x0000000085100000|100%|HC|  |TAMS 0x0000000085100000, 0x0000000085000000| Complete 
|  81|0x0000000085100000, 0x0000000085200000, 0x0000000085200000|100%|HS|  |TAMS 0x0000000085200000, 0x0000000085100000| Complete 
|  82|0x0000000085200000, 0x0000000085300000, 0x0000000085300000|100%|HC|  |TAMS 0x0000000085300000, 0x0000000085200000| Complete 
|  83|0x0000000085300000, 0x0000000085400000, 0x0000000085400000|100%|HC|  |TAMS 0x0000000085400000, 0x0000000085300000| Complete 
|  84|0x0000000085400000, 0x0000000085500000, 0x0000000085500000|100%|HS|  |TAMS 0x0000000085500000, 0x0000000085400000| Complete 
|  85|0x0000000085500000, 0x0000000085600000, 0x0000000085600000|100%|HS|  |TAMS 0x0000000085600000, 0x0000000085500000| Complete 
|  86|0x0000000085600000, 0x0000000085700000, 0x0000000085700000|100%|HC|  |TAMS 0x0000000085700000, 0x0000000085600000| Complete 
|  87|0x0000000085700000, 0x0000000085800000, 0x0000000085800000|100%|HC|  |TAMS 0x0000000085800000, 0x0000000085700000| Complete 
|  88|0x0000000085800000, 0x0000000085900000, 0x0000000085900000|100%|HC|  |TAMS 0x0000000085900000, 0x0000000085800000| Complete 
|  89|0x0000000085900000, 0x0000000085a00000, 0x0000000085a00000|100%| O|  |TAMS 0x0000000085a00000, 0x0000000085900000| Complete 
|  90|0x0000000085a00000, 0x0000000085b00000, 0x0000000085b00000|100%| O|  |TAMS 0x0000000085b00000, 0x0000000085a00000| Complete 
|  91|0x0000000085b00000, 0x0000000085c00000, 0x0000000085c00000|100%| O|  |TAMS 0x0000000085c00000, 0x0000000085b00000| Complete 
|  92|0x0000000085c00000, 0x0000000085d00000, 0x0000000085d00000|100%| O|  |TAMS 0x0000000085d00000, 0x0000000085c00000| Complete 
|  93|0x0000000085d00000, 0x0000000085d00000, 0x0000000085e00000|  0%| F|  |TAMS 0x0000000085d00000, 0x0000000085d00000| Untracked 
|  94|0x0000000085e00000, 0x0000000085f00000, 0x0000000085f00000|100%| O|  |TAMS 0x0000000085f00000, 0x0000000085e00000| Untracked 
|  95|0x0000000085f00000, 0x0000000086000000, 0x0000000086000000|100%| O|  |TAMS 0x0000000086000000, 0x0000000085f00000| Untracked 
|  96|0x0000000086000000, 0x0000000086100000, 0x0000000086100000|100%| O|  |TAMS 0x0000000086100000, 0x0000000086000000| Untracked 
|  97|0x0000000086100000, 0x0000000086200000, 0x0000000086200000|100%| O|  |TAMS 0x0000000086200000, 0x0000000086100000| Complete 
|  98|0x0000000086200000, 0x0000000086300000, 0x0000000086300000|100%| O|  |TAMS 0x0000000086300000, 0x0000000086200000| Complete 
|  99|0x0000000086300000, 0x0000000086400000, 0x0000000086400000|100%| O|  |TAMS 0x0000000086400000, 0x0000000086300000| Complete 
| 100|0x0000000086400000, 0x0000000086400000, 0x0000000086500000|  0%| F|  |TAMS 0x0000000086400000, 0x0000000086400000| Untracked 
| 101|0x0000000086500000, 0x0000000086600000, 0x0000000086600000|100%| O|  |TAMS 0x0000000086600000, 0x0000000086500000| Complete 
| 102|0x0000000086600000, 0x0000000086700000, 0x0000000086700000|100%| O|  |TAMS 0x0000000086700000, 0x0000000086600000| Untracked 
| 103|0x0000000086700000, 0x0000000086800000, 0x0000000086800000|100%| O|  |TAMS 0x0000000086800000, 0x0000000086700000| Complete 
| 104|0x0000000086800000, 0x0000000086900000, 0x0000000086900000|100%| O|  |TAMS 0x0000000086900000, 0x0000000086800000| Untracked 
| 105|0x0000000086900000, 0x0000000086a00000, 0x0000000086a00000|100%| O|  |TAMS 0x0000000086a00000, 0x0000000086900000| Complete 
| 106|0x0000000086a00000, 0x0000000086b00000, 0x0000000086b00000|100%| O|  |TAMS 0x0000000086b00000, 0x0000000086a00000| Complete 
| 107|0x0000000086b00000, 0x0000000086c00000, 0x0000000086c00000|100%| O|  |TAMS 0x0000000086c00000, 0x0000000086b00000| Complete 
| 108|0x0000000086c00000, 0x0000000086d00000, 0x0000000086d00000|100%| O|  |TAMS 0x0000000086d00000, 0x0000000086c00000| Complete 
| 109|0x0000000086d00000, 0x0000000086d00000, 0x0000000086e00000|  0%| F|  |TAMS 0x0000000086d00000, 0x0000000086d00000| Untracked 
| 110|0x0000000086e00000, 0x0000000086f00000, 0x0000000086f00000|100%| O|  |TAMS 0x0000000086f00000, 0x0000000086e00000| Complete 
| 111|0x0000000086f00000, 0x0000000086f00000, 0x0000000087000000|  0%| F|  |TAMS 0x0000000086f00000, 0x0000000086f00000| Untracked 
| 112|0x0000000087000000, 0x0000000087100000, 0x0000000087100000|100%| O|  |TAMS 0x0000000087100000, 0x0000000087000000| Complete 
| 113|0x0000000087100000, 0x0000000087100000, 0x0000000087200000|  0%| F|  |TAMS 0x0000000087100000, 0x0000000087100000| Untracked 
| 114|0x0000000087200000, 0x0000000087300000, 0x0000000087300000|100%| O|  |TAMS 0x0000000087300000, 0x0000000087200000| Untracked 
| 115|0x0000000087300000, 0x0000000087400000, 0x0000000087400000|100%| O|  |TAMS 0x0000000087400000, 0x0000000087300000| Untracked 
| 116|0x0000000087400000, 0x0000000087500000, 0x0000000087500000|100%| O|  |TAMS 0x0000000087500000, 0x0000000087400000| Complete 
| 117|0x0000000087500000, 0x0000000087600000, 0x0000000087600000|100%| O|  |TAMS 0x0000000087600000, 0x0000000087500000| Complete 
| 118|0x0000000087600000, 0x0000000087700000, 0x0000000087700000|100%| O|  |TAMS 0x0000000087700000, 0x0000000087600000| Untracked 
| 119|0x0000000087700000, 0x0000000087700000, 0x0000000087800000|  0%| F|  |TAMS 0x0000000087700000, 0x0000000087700000| Untracked 
| 120|0x0000000087800000, 0x0000000087900000, 0x0000000087900000|100%| O|  |TAMS 0x0000000087900000, 0x0000000087800000| Complete 
| 121|0x0000000087900000, 0x0000000087a00000, 0x0000000087a00000|100%| O|  |TAMS 0x0000000087a00000, 0x0000000087900000| Untracked 
| 122|0x0000000087a00000, 0x0000000087b00000, 0x0000000087b00000|100%| O|  |TAMS 0x0000000087b00000, 0x0000000087a00000| Complete 
| 123|0x0000000087b00000, 0x0000000087c00000, 0x0000000087c00000|100%| O|  |TAMS 0x0000000087c00000, 0x0000000087b00000| Complete 
| 124|0x0000000087c00000, 0x0000000087d00000, 0x0000000087d00000|100%|HS|  |TAMS 0x0000000087c00000, 0x0000000087c00000| Complete 
| 125|0x0000000087d00000, 0x0000000087e00000, 0x0000000087e00000|100%|HC|  |TAMS 0x0000000087d00000, 0x0000000087d00000| Complete 
| 126|0x0000000087e00000, 0x0000000087f00000, 0x0000000087f00000|100%| O|  |TAMS 0x0000000087f00000, 0x0000000087e00000| Complete 
| 127|0x0000000087f00000, 0x0000000088000000, 0x0000000088000000|100%| O|  |TAMS 0x0000000088000000, 0x0000000087f00000| Complete 
| 128|0x0000000088000000, 0x0000000088100000, 0x0000000088100000|100%| O|  |TAMS 0x0000000088100000, 0x0000000088000000| Untracked 
| 129|0x0000000088100000, 0x0000000088200000, 0x0000000088200000|100%| O|  |TAMS 0x0000000088200000, 0x0000000088100000| Untracked 
| 130|0x0000000088200000, 0x0000000088300000, 0x0000000088300000|100%| O|  |TAMS 0x0000000088300000, 0x0000000088200000| Complete 
| 131|0x0000000088300000, 0x0000000088400000, 0x0000000088400000|100%| O|  |TAMS 0x0000000088400000, 0x0000000088300000| Untracked 
| 132|0x0000000088400000, 0x0000000088500000, 0x0000000088500000|100%|HS|  |TAMS 0x0000000088400000, 0x0000000088400000| Complete 
| 133|0x0000000088500000, 0x0000000088600000, 0x0000000088600000|100%|HC|  |TAMS 0x0000000088500000, 0x0000000088500000| Complete 
| 134|0x0000000088600000, 0x0000000088700000, 0x0000000088700000|100%|HS|  |TAMS 0x0000000088600000, 0x0000000088600000| Complete 
| 135|0x0000000088700000, 0x0000000088800000, 0x0000000088800000|100%|HC|  |TAMS 0x0000000088700000, 0x0000000088700000| Complete 
| 136|0x0000000088800000, 0x0000000088900000, 0x0000000088900000|100%| O|  |TAMS 0x0000000088900000, 0x0000000088800000| Complete 
| 137|0x0000000088900000, 0x0000000088a00000, 0x0000000088a00000|100%| O|  |TAMS 0x0000000088a00000, 0x0000000088900000| Complete 
| 138|0x0000000088a00000, 0x0000000088b00000, 0x0000000088b00000|100%| O|  |TAMS 0x0000000088b00000, 0x0000000088a00000| Complete 
| 139|0x0000000088b00000, 0x0000000088c00000, 0x0000000088c00000|100%|HS|  |TAMS 0x0000000088b00000, 0x0000000088b00000| Complete 
| 140|0x0000000088c00000, 0x0000000088d00000, 0x0000000088d00000|100%|HC|  |TAMS 0x0000000088c00000, 0x0000000088c00000| Complete 
| 141|0x0000000088d00000, 0x0000000088e00000, 0x0000000088e00000|100%|HC|  |TAMS 0x0000000088d00000, 0x0000000088d00000| Complete 
| 142|0x0000000088e00000, 0x0000000088f00000, 0x0000000088f00000|100%|HC|  |TAMS 0x0000000088e00000, 0x0000000088e00000| Complete 
| 143|0x0000000088f00000, 0x0000000088f00000, 0x0000000089000000|  0%| F|  |TAMS 0x0000000088f00000, 0x0000000088f00000| Untracked 
| 144|0x0000000089000000, 0x0000000089000000, 0x0000000089100000|  0%| F|  |TAMS 0x0000000089000000, 0x0000000089000000| Untracked 
| 145|0x0000000089100000, 0x0000000089200000, 0x0000000089200000|100%| O|  |TAMS 0x0000000089200000, 0x0000000089100000| Complete 
| 146|0x0000000089200000, 0x0000000089300000, 0x0000000089300000|100%| O|  |TAMS 0x0000000089300000, 0x0000000089200000| Untracked 
| 147|0x0000000089300000, 0x0000000089300000, 0x0000000089400000|  0%| F|  |TAMS 0x0000000089300000, 0x0000000089300000| Untracked 
| 148|0x0000000089400000, 0x0000000089500000, 0x0000000089500000|100%| O|  |TAMS 0x0000000089500000, 0x0000000089400000| Complete 
| 149|0x0000000089500000, 0x0000000089500000, 0x0000000089600000|  0%| F|  |TAMS 0x0000000089500000, 0x0000000089500000| Untracked 
| 150|0x0000000089600000, 0x0000000089700000, 0x0000000089700000|100%| O|  |TAMS 0x0000000089700000, 0x0000000089600000| Complete 
| 151|0x0000000089700000, 0x0000000089700000, 0x0000000089800000|  0%| F|  |TAMS 0x0000000089700000, 0x0000000089700000| Untracked 
| 152|0x0000000089800000, 0x0000000089900000, 0x0000000089900000|100%| O|  |TAMS 0x0000000089900000, 0x0000000089800000| Complete 
| 153|0x0000000089900000, 0x0000000089a00000, 0x0000000089a00000|100%|HS|  |TAMS 0x0000000089900000, 0x0000000089900000| Complete 
| 154|0x0000000089a00000, 0x0000000089b00000, 0x0000000089b00000|100%|HC|  |TAMS 0x0000000089a00000, 0x0000000089a00000| Complete 
| 155|0x0000000089b00000, 0x0000000089c00000, 0x0000000089c00000|100%|HC|  |TAMS 0x0000000089b00000, 0x0000000089b00000| Complete 
| 156|0x0000000089c00000, 0x0000000089d00000, 0x0000000089d00000|100%|HC|  |TAMS 0x0000000089c00000, 0x0000000089c00000| Complete 
| 157|0x0000000089d00000, 0x0000000089e00000, 0x0000000089e00000|100%|HS|  |TAMS 0x0000000089d00000, 0x0000000089d00000| Complete 
| 158|0x0000000089e00000, 0x0000000089f00000, 0x0000000089f00000|100%|HC|  |TAMS 0x0000000089e00000, 0x0000000089e00000| Complete 
| 159|0x0000000089f00000, 0x000000008a000000, 0x000000008a000000|100%|HC|  |TAMS 0x0000000089f00000, 0x0000000089f00000| Complete 
| 160|0x000000008a000000, 0x000000008a100000, 0x000000008a100000|100%|HC|  |TAMS 0x000000008a000000, 0x000000008a000000| Complete 
| 161|0x000000008a100000, 0x000000008a200000, 0x000000008a200000|100%| O|  |TAMS 0x000000008a200000, 0x000000008a100000| Complete 
| 162|0x000000008a200000, 0x000000008a200000, 0x000000008a300000|  0%| F|  |TAMS 0x000000008a200000, 0x000000008a200000| Untracked 
| 163|0x000000008a300000, 0x000000008a300000, 0x000000008a400000|  0%| F|  |TAMS 0x000000008a300000, 0x000000008a300000| Untracked 
| 164|0x000000008a400000, 0x000000008a400000, 0x000000008a500000|  0%| F|  |TAMS 0x000000008a400000, 0x000000008a400000| Untracked 
| 165|0x000000008a500000, 0x000000008a600000, 0x000000008a600000|100%| O|  |TAMS 0x000000008a600000, 0x000000008a500000| Untracked 
| 166|0x000000008a600000, 0x000000008a700000, 0x000000008a700000|100%| O|  |TAMS 0x000000008a700000, 0x000000008a600000| Complete 
| 167|0x000000008a700000, 0x000000008a700000, 0x000000008a800000|  0%| F|  |TAMS 0x000000008a700000, 0x000000008a700000| Untracked 
| 168|0x000000008a800000, 0x000000008a800000, 0x000000008a900000|  0%| F|  |TAMS 0x000000008a800000, 0x000000008a800000| Untracked 
| 169|0x000000008a900000, 0x000000008a900000, 0x000000008aa00000|  0%| F|  |TAMS 0x000000008a900000, 0x000000008a900000| Untracked 
| 170|0x000000008aa00000, 0x000000008aa00000, 0x000000008ab00000|  0%| F|  |TAMS 0x000000008aa00000, 0x000000008aa00000| Untracked 
| 171|0x000000008ab00000, 0x000000008ab00000, 0x000000008ac00000|  0%| F|  |TAMS 0x000000008ab00000, 0x000000008ab00000| Untracked 
| 172|0x000000008ac00000, 0x000000008ac00000, 0x000000008ad00000|  0%| F|  |TAMS 0x000000008ac00000, 0x000000008ac00000| Untracked 
| 173|0x000000008ad00000, 0x000000008ad00000, 0x000000008ae00000|  0%| F|  |TAMS 0x000000008ad00000, 0x000000008ad00000| Untracked 
| 174|0x000000008ae00000, 0x000000008ae00000, 0x000000008af00000|  0%| F|  |TAMS 0x000000008ae00000, 0x000000008ae00000| Untracked 
| 175|0x000000008af00000, 0x000000008af00000, 0x000000008b000000|  0%| F|  |TAMS 0x000000008af00000, 0x000000008af00000| Untracked 
| 176|0x000000008b000000, 0x000000008b000000, 0x000000008b100000|  0%| F|  |TAMS 0x000000008b000000, 0x000000008b000000| Untracked 
| 177|0x000000008b100000, 0x000000008b100000, 0x000000008b200000|  0%| F|  |TAMS 0x000000008b100000, 0x000000008b100000| Untracked 
| 178|0x000000008b200000, 0x000000008b200000, 0x000000008b300000|  0%| F|  |TAMS 0x000000008b200000, 0x000000008b200000| Untracked 
| 179|0x000000008b300000, 0x000000008b300000, 0x000000008b400000|  0%| F|  |TAMS 0x000000008b300000, 0x000000008b300000| Untracked 
| 180|0x000000008b400000, 0x000000008b400000, 0x000000008b500000|  0%| F|  |TAMS 0x000000008b400000, 0x000000008b400000| Untracked 
| 181|0x000000008b500000, 0x000000008b500000, 0x000000008b600000|  0%| F|  |TAMS 0x000000008b500000, 0x000000008b500000| Untracked 
| 182|0x000000008b600000, 0x000000008b600000, 0x000000008b700000|  0%| F|  |TAMS 0x000000008b600000, 0x000000008b600000| Untracked 
| 183|0x000000008b700000, 0x000000008b700000, 0x000000008b800000|  0%| F|  |TAMS 0x000000008b700000, 0x000000008b700000| Untracked 
| 184|0x000000008b800000, 0x000000008b800000, 0x000000008b900000|  0%| F|  |TAMS 0x000000008b800000, 0x000000008b800000| Untracked 
| 185|0x000000008b900000, 0x000000008b900000, 0x000000008ba00000|  0%| F|  |TAMS 0x000000008b900000, 0x000000008b900000| Untracked 
| 186|0x000000008ba00000, 0x000000008ba00000, 0x000000008bb00000|  0%| F|  |TAMS 0x000000008ba00000, 0x000000008ba00000| Untracked 
| 187|0x000000008bb00000, 0x000000008bc00000, 0x000000008bc00000|100%| O|  |TAMS 0x000000008bc00000, 0x000000008bb00000| Complete 
| 188|0x000000008bc00000, 0x000000008bd00000, 0x000000008bd00000|100%| O|  |TAMS 0x000000008bd00000, 0x000000008bc00000| Complete 
| 189|0x000000008bd00000, 0x000000008bd00000, 0x000000008be00000|  0%| F|  |TAMS 0x000000008bd00000, 0x000000008bd00000| Untracked 
| 190|0x000000008be00000, 0x000000008be00000, 0x000000008bf00000|  0%| F|  |TAMS 0x000000008be00000, 0x000000008be00000| Untracked 
| 191|0x000000008bf00000, 0x000000008bf00000, 0x000000008c000000|  0%| F|  |TAMS 0x000000008bf00000, 0x000000008bf00000| Untracked 
| 192|0x000000008c000000, 0x000000008c000000, 0x000000008c100000|  0%| F|  |TAMS 0x000000008c000000, 0x000000008c000000| Untracked 
| 193|0x000000008c100000, 0x000000008c100000, 0x000000008c200000|  0%| F|  |TAMS 0x000000008c100000, 0x000000008c100000| Untracked 
| 194|0x000000008c200000, 0x000000008c200000, 0x000000008c300000|  0%| F|  |TAMS 0x000000008c200000, 0x000000008c200000| Untracked 
| 195|0x000000008c300000, 0x000000008c300000, 0x000000008c400000|  0%| F|  |TAMS 0x000000008c300000, 0x000000008c300000| Untracked 
| 196|0x000000008c400000, 0x000000008c500000, 0x000000008c500000|100%| O|  |TAMS 0x000000008c500000, 0x000000008c400000| Complete 
| 197|0x000000008c500000, 0x000000008c600000, 0x000000008c600000|100%| O|  |TAMS 0x000000008c600000, 0x000000008c500000| Complete 
| 198|0x000000008c600000, 0x000000008c700000, 0x000000008c700000|100%| O|  |TAMS 0x000000008c700000, 0x000000008c600000| Untracked 
| 199|0x000000008c700000, 0x000000008c700000, 0x000000008c800000|  0%| F|  |TAMS 0x000000008c700000, 0x000000008c700000| Untracked 
| 200|0x000000008c800000, 0x000000008c800000, 0x000000008c900000|  0%| F|  |TAMS 0x000000008c800000, 0x000000008c800000| Untracked 
| 201|0x000000008c900000, 0x000000008c900000, 0x000000008ca00000|  0%| F|  |TAMS 0x000000008c900000, 0x000000008c900000| Untracked 
| 202|0x000000008ca00000, 0x000000008ca00000, 0x000000008cb00000|  0%| F|  |TAMS 0x000000008ca00000, 0x000000008ca00000| Untracked 
| 203|0x000000008cb00000, 0x000000008cb00000, 0x000000008cc00000|  0%| F|  |TAMS 0x000000008cb00000, 0x000000008cb00000| Untracked 
| 204|0x000000008cc00000, 0x000000008cc00000, 0x000000008cd00000|  0%| F|  |TAMS 0x000000008cc00000, 0x000000008cc00000| Untracked 
| 205|0x000000008cd00000, 0x000000008cd00000, 0x000000008ce00000|  0%| F|  |TAMS 0x000000008cd00000, 0x000000008cd00000| Untracked 
| 206|0x000000008ce00000, 0x000000008ce00000, 0x000000008cf00000|  0%| F|  |TAMS 0x000000008ce00000, 0x000000008ce00000| Untracked 
| 207|0x000000008cf00000, 0x000000008cf00000, 0x000000008d000000|  0%| F|  |TAMS 0x000000008cf00000, 0x000000008cf00000| Untracked 
| 208|0x000000008d000000, 0x000000008d000000, 0x000000008d100000|  0%| F|  |TAMS 0x000000008d000000, 0x000000008d000000| Untracked 
| 209|0x000000008d100000, 0x000000008d100000, 0x000000008d200000|  0%| F|  |TAMS 0x000000008d100000, 0x000000008d100000| Untracked 
| 210|0x000000008d200000, 0x000000008d200000, 0x000000008d300000|  0%| F|  |TAMS 0x000000008d200000, 0x000000008d200000| Untracked 
| 211|0x000000008d300000, 0x000000008d300000, 0x000000008d400000|  0%| F|  |TAMS 0x000000008d300000, 0x000000008d300000| Untracked 
| 212|0x000000008d400000, 0x000000008d400000, 0x000000008d500000|  0%| F|  |TAMS 0x000000008d400000, 0x000000008d400000| Untracked 
| 213|0x000000008d500000, 0x000000008d500000, 0x000000008d600000|  0%| F|  |TAMS 0x000000008d500000, 0x000000008d500000| Untracked 
| 214|0x000000008d600000, 0x000000008d6c0548, 0x000000008d700000| 75%| E|  |TAMS 0x000000008d600000, 0x000000008d600000| Complete 
| 215|0x000000008d700000, 0x000000008d800000, 0x000000008d800000|100%| E|CS|TAMS 0x000000008d700000, 0x000000008d700000| Complete 
| 216|0x000000008d800000, 0x000000008d900000, 0x000000008d900000|100%| E|CS|TAMS 0x000000008d800000, 0x000000008d800000| Complete 
| 217|0x000000008d900000, 0x000000008da00000, 0x000000008da00000|100%| E|CS|TAMS 0x000000008d900000, 0x000000008d900000| Complete 
| 218|0x000000008da00000, 0x000000008db00000, 0x000000008db00000|100%| E|CS|TAMS 0x000000008da00000, 0x000000008da00000| Complete 
| 219|0x000000008db00000, 0x000000008dc00000, 0x000000008dc00000|100%| E|CS|TAMS 0x000000008db00000, 0x000000008db00000| Complete 
| 220|0x000000008dc00000, 0x000000008dd00000, 0x000000008dd00000|100%| E|CS|TAMS 0x000000008dc00000, 0x000000008dc00000| Complete 
| 221|0x000000008dd00000, 0x000000008de00000, 0x000000008de00000|100%| E|CS|TAMS 0x000000008dd00000, 0x000000008dd00000| Complete 
| 222|0x000000008de00000, 0x000000008df00000, 0x000000008df00000|100%| E|  |TAMS 0x000000008de00000, 0x000000008de00000| Complete 
| 223|0x000000008df00000, 0x000000008e000000, 0x000000008e000000|100%| E|CS|TAMS 0x000000008df00000, 0x000000008df00000| Complete 
| 224|0x000000008e000000, 0x000000008e100000, 0x000000008e100000|100%| E|CS|TAMS 0x000000008e000000, 0x000000008e000000| Complete 
| 225|0x000000008e100000, 0x000000008e200000, 0x000000008e200000|100%| E|CS|TAMS 0x000000008e100000, 0x000000008e100000| Complete 
| 226|0x000000008e200000, 0x000000008e300000, 0x000000008e300000|100%| E|CS|TAMS 0x000000008e200000, 0x000000008e200000| Complete 
| 227|0x000000008e300000, 0x000000008e400000, 0x000000008e400000|100%| E|CS|TAMS 0x000000008e300000, 0x000000008e300000| Complete 
| 228|0x000000008e400000, 0x000000008e500000, 0x000000008e500000|100%| E|CS|TAMS 0x000000008e400000, 0x000000008e400000| Complete 
| 229|0x000000008e500000, 0x000000008e600000, 0x000000008e600000|100%| E|CS|TAMS 0x000000008e500000, 0x000000008e500000| Complete 
| 230|0x000000008e600000, 0x000000008e700000, 0x000000008e700000|100%| E|CS|TAMS 0x000000008e600000, 0x000000008e600000| Complete 
| 231|0x000000008e700000, 0x000000008e800000, 0x000000008e800000|100%| E|CS|TAMS 0x000000008e700000, 0x000000008e700000| Complete 
| 232|0x000000008e800000, 0x000000008e900000, 0x000000008e900000|100%| E|CS|TAMS 0x000000008e800000, 0x000000008e800000| Complete 
| 233|0x000000008e900000, 0x000000008ea00000, 0x000000008ea00000|100%| E|CS|TAMS 0x000000008e900000, 0x000000008e900000| Complete 
| 234|0x000000008ea00000, 0x000000008eb00000, 0x000000008eb00000|100%| E|CS|TAMS 0x000000008ea00000, 0x000000008ea00000| Complete 
| 235|0x000000008eb00000, 0x000000008eb777d0, 0x000000008ec00000| 46%| S|CS|TAMS 0x000000008eb00000, 0x000000008eb00000| Complete 
| 236|0x000000008ec00000, 0x000000008ed00000, 0x000000008ed00000|100%| S|CS|TAMS 0x000000008ec00000, 0x000000008ec00000| Complete 
| 237|0x000000008ed00000, 0x000000008ee00000, 0x000000008ee00000|100%| S|CS|TAMS 0x000000008ed00000, 0x000000008ed00000| Complete 
| 238|0x000000008ee00000, 0x000000008ef00000, 0x000000008ef00000|100%| S|CS|TAMS 0x000000008ee00000, 0x000000008ee00000| Complete 
| 239|0x000000008ef00000, 0x000000008f000000, 0x000000008f000000|100%| S|CS|TAMS 0x000000008ef00000, 0x000000008ef00000| Complete 
| 240|0x000000008f000000, 0x000000008f100000, 0x000000008f100000|100%| E|CS|TAMS 0x000000008f000000, 0x000000008f000000| Complete 
| 241|0x000000008f100000, 0x000000008f200000, 0x000000008f200000|100%| E|CS|TAMS 0x000000008f100000, 0x000000008f100000| Complete 
| 242|0x000000008f200000, 0x000000008f300000, 0x000000008f300000|100%| E|CS|TAMS 0x000000008f200000, 0x000000008f200000| Complete 
| 243|0x000000008f300000, 0x000000008f400000, 0x000000008f400000|100%| E|CS|TAMS 0x000000008f300000, 0x000000008f300000| Complete 
| 244|0x000000008f400000, 0x000000008f500000, 0x000000008f500000|100%| E|CS|TAMS 0x000000008f400000, 0x000000008f400000| Complete 
| 245|0x000000008f500000, 0x000000008f600000, 0x000000008f600000|100%| E|CS|TAMS 0x000000008f500000, 0x000000008f500000| Complete 
| 246|0x000000008f600000, 0x000000008f700000, 0x000000008f700000|100%| E|CS|TAMS 0x000000008f600000, 0x000000008f600000| Complete 
| 247|0x000000008f700000, 0x000000008f800000, 0x000000008f800000|100%| E|CS|TAMS 0x000000008f700000, 0x000000008f700000| Complete 
| 248|0x000000008f800000, 0x000000008f900000, 0x000000008f900000|100%| E|CS|TAMS 0x000000008f800000, 0x000000008f800000| Complete 
| 249|0x000000008f900000, 0x000000008fa00000, 0x000000008fa00000|100%| E|CS|TAMS 0x000000008f900000, 0x000000008f900000| Complete 
| 250|0x000000008fa00000, 0x000000008fb00000, 0x000000008fb00000|100%| E|CS|TAMS 0x000000008fa00000, 0x000000008fa00000| Complete 
| 251|0x000000008fb00000, 0x000000008fc00000, 0x000000008fc00000|100%| E|CS|TAMS 0x000000008fb00000, 0x000000008fb00000| Complete 
| 252|0x000000008fc00000, 0x000000008fd00000, 0x000000008fd00000|100%| E|CS|TAMS 0x000000008fc00000, 0x000000008fc00000| Complete 
| 253|0x000000008fd00000, 0x000000008fe00000, 0x000000008fe00000|100%| E|CS|TAMS 0x000000008fd00000, 0x000000008fd00000| Complete 
| 254|0x000000008fe00000, 0x000000008ff00000, 0x000000008ff00000|100%| E|CS|TAMS 0x000000008fe00000, 0x000000008fe00000| Complete 
| 255|0x000000008ff00000, 0x0000000090000000, 0x0000000090000000|100%| E|CS|TAMS 0x000000008ff00000, 0x000000008ff00000| Complete 
| 256|0x0000000090000000, 0x0000000090100000, 0x0000000090100000|100%| E|CS|TAMS 0x0000000090000000, 0x0000000090000000| Complete 
| 257|0x0000000090100000, 0x0000000090200000, 0x0000000090200000|100%| E|CS|TAMS 0x0000000090100000, 0x0000000090100000| Complete 
| 258|0x0000000090200000, 0x0000000090300000, 0x0000000090300000|100%| E|CS|TAMS 0x0000000090200000, 0x0000000090200000| Complete 
| 259|0x0000000090300000, 0x0000000090400000, 0x0000000090400000|100%| E|CS|TAMS 0x0000000090300000, 0x0000000090300000| Complete 
| 260|0x0000000090400000, 0x0000000090500000, 0x0000000090500000|100%| E|CS|TAMS 0x0000000090400000, 0x0000000090400000| Complete 
| 261|0x0000000090500000, 0x0000000090600000, 0x0000000090600000|100%| E|CS|TAMS 0x0000000090500000, 0x0000000090500000| Complete 
| 262|0x0000000090600000, 0x0000000090700000, 0x0000000090700000|100%| E|CS|TAMS 0x0000000090600000, 0x0000000090600000| Complete 
| 263|0x0000000090700000, 0x0000000090800000, 0x0000000090800000|100%| E|CS|TAMS 0x0000000090700000, 0x0000000090700000| Complete 
| 264|0x0000000090800000, 0x0000000090900000, 0x0000000090900000|100%| E|CS|TAMS 0x0000000090800000, 0x0000000090800000| Complete 
| 265|0x0000000090900000, 0x0000000090a00000, 0x0000000090a00000|100%| E|CS|TAMS 0x0000000090900000, 0x0000000090900000| Complete 
| 266|0x0000000090a00000, 0x0000000090b00000, 0x0000000090b00000|100%| E|CS|TAMS 0x0000000090a00000, 0x0000000090a00000| Complete 
| 267|0x0000000090b00000, 0x0000000090c00000, 0x0000000090c00000|100%| E|CS|TAMS 0x0000000090b00000, 0x0000000090b00000| Complete 

Card table byte_map: [0x00000243cd380000,0x00000243cd780000] _byte_map_base: 0x00000243ccf80000

Marking Bits (Prev, Next): (CMBitMap*) 0x00000243ba4b4770, (CMBitMap*) 0x00000243ba4b4738
 Prev Bits: [0x00000243cfb80000, 0x00000243d1b80000)
 Next Bits: [0x00000243cdb80000, 0x00000243cfb80000)

Polling page: 0x00000243b8690000

Metaspace:

Usage:
  Non-class:    122.56 MB capacity,   119.93 MB ( 98%) used,     2.13 MB (  2%) free+waste,   513.00 KB ( <1%) overhead. 
      Class:     18.21 MB capacity,    16.67 MB ( 92%) used,     1.32 MB (  7%) free+waste,   220.25 KB (  1%) overhead. 
       Both:    140.77 MB capacity,   136.61 MB ( 97%) used,     3.45 MB (  2%) free+waste,   733.25 KB ( <1%) overhead. 

Virtual space:
  Non-class space:      124.00 MB reserved,     122.75 MB ( 99%) committed 
      Class space:        1.00 GB reserved,      18.25 MB (  2%) committed 
             Both:        1.12 GB reserved,     141.00 MB ( 12%) committed 

Chunk freelists:
   Non-Class:  0 bytes
       Class:  0 bytes
        Both:  0 bytes

MaxMetaspaceSize: 17179869184.00 GB
CompressedClassSpaceSize: 1.00 GB
Initial GC threshold: 20.80 MB
Current GC threshold: 235.00 MB
CDS: off

CodeHeap 'non-profiled nmethods': size=120064Kb used=21923Kb max_used=22280Kb free=98140Kb
 bounds [0x00000243c5a40000, 0x00000243c7010000, 0x00000243ccf80000]
CodeHeap 'profiled nmethods': size=120000Kb used=57736Kb max_used=59310Kb free=62263Kb
 bounds [0x00000243be510000, 0x00000243c1f30000, 0x00000243c5a40000]
CodeHeap 'non-nmethods': size=5696Kb used=2498Kb max_used=2563Kb free=3197Kb
 bounds [0x00000243bdf80000, 0x00000243be210000, 0x00000243be510000]
 total_blobs=26194 nmethods=25172 adapters=931
 compilation: enabled
              stopped_count=0, restarted_count=0
 full_count=0

Compilation events (20 events):
Event: 6245.798 Thread 0x00000243d408a000 29405       3       com.google.common.collect.CollectSpliterators$1::tryAdvance (20 bytes)
Event: 6245.799 Thread 0x00000243d408a000 nmethod 29405 0x00000243bf26df10 code [0x00000243bf26e120, 0x00000243bf26e7c8]
Event: 6245.799 Thread 0x00000243d408a000 29406       3       com.ctc.wstx.sr.Attribute::<init> (20 bytes)
Event: 6245.799 Thread 0x00000243d408a000 nmethod 29406 0x00000243bf59c510 code [0x00000243bf59c6c0, 0x00000243bf59c8d8]
Event: 6245.800 Thread 0x00000243d408a000 29407       3       com.ctc.wstx.util.TextBuffer::contentsAsString (219 bytes)
Event: 6245.802 Thread 0x00000243d408a000 nmethod 29407 0x00000243c01eb990 code [0x00000243c01ebc80, 0x00000243c01ecdb8]
Event: 6245.804 Thread 0x00000243d408a000 29408       3       kotlin.text.StringsKt__StringsKt::getIndices (26 bytes)
Event: 6245.805 Thread 0x00000243d408a000 nmethod 29408 0x00000243c0a8a290 code [0x00000243c0a8a4e0, 0x00000243c0a8ac18]
Event: 6245.806 Thread 0x00000243d408a000 29409       3       com.android.aaptcompiler.AaptResourceTypeKt::resourceTypeFromTag (728 bytes)
Event: 6245.810 Thread 0x00000243d408a000 nmethod 29409 0x00000243be834390 code [0x00000243be834880, 0x00000243be8365d8]
Event: 6245.811 Thread 0x00000243d408a000 29410       3       java.util.LinkedList$LLSpliterator::tryAdvance (84 bytes)
Event: 6245.812 Thread 0x00000243d408a000 nmethod 29410 0x00000243bef52610 code [0x00000243bef52820, 0x00000243bef52d38]
Event: 6245.823 Thread 0x00000243d408a000 29412       3       com.google.common.collect.StandardTable::getOrCreate (45 bytes)
Event: 6245.823 Thread 0x00000243d408a000 nmethod 29412 0x00000243bebaac90 code [0x00000243bebaae80, 0x00000243bebab448]
Event: 6245.829 Thread 0x00000243d408a000 29414       1       com.android.aaptcompiler.AaptResourceType::getTagName (5 bytes)
Event: 6245.829 Thread 0x00000243d408a000 nmethod 29414 0x00000243c5ffeb90 code [0x00000243c5ffed40, 0x00000243c5ffedf8]
Event: 6245.900 Thread 0x00000243d408a000 29416       3       org.gradle.internal.execution.history.changes.DefaultExecutionStateChangeDetector$InputFileChangesWrapper::accept (12 bytes)
Event: 6245.900 Thread 0x00000243d408a000 nmethod 29416 0x00000243c0093f10 code [0x00000243c00940c0, 0x00000243c0094288]
Event: 6245.900 Thread 0x00000243d408a000 29417       3       com.google.common.collect.CollectSpliterators$FlatMapSpliterator::tryAdvance (68 bytes)
Event: 6245.901 Thread 0x00000243d408a000 nmethod 29417 0x00000243be61f810 code [0x00000243be61fa40, 0x00000243be6202f8]

GC Heap History (20 events):
Event: 6149.849 GC heap before
{Heap before GC invocations=175 (full 0):
 garbage-first heap   total 274432K, used 195663K [0x0000000080000000, 0x0000000100000000)
  region size 1024K, 61 young (62464K), 2 survivors (2048K)
 Metaspace       used 139300K, capacity 143628K, committed 143872K, reserved 1175552K
  class space    used 17071K, capacity 18642K, committed 18688K, reserved 1048576K
}
Event: 6149.872 GC heap after
{Heap after GC invocations=176 (full 0):
 garbage-first heap   total 274432K, used 142170K [0x0000000080000000, 0x0000000100000000)
  region size 1024K, 7 young (7168K), 7 survivors (7168K)
 Metaspace       used 139300K, capacity 143628K, committed 143872K, reserved 1175552K
  class space    used 17071K, capacity 18642K, committed 18688K, reserved 1048576K
}
Event: 6152.864 GC heap before
{Heap before GC invocations=177 (full 0):
 garbage-first heap   total 274432K, used 202586K [0x0000000080000000, 0x0000000100000000)
  region size 1024K, 67 young (68608K), 7 survivors (7168K)
 Metaspace       used 139347K, capacity 143630K, committed 143872K, reserved 1175552K
  class space    used 17071K, capacity 18642K, committed 18688K, reserved 1048576K
}
Event: 6152.904 GC heap after
{Heap after GC invocations=178 (full 0):
 garbage-first heap   total 274432K, used 150711K [0x0000000080000000, 0x0000000100000000)
  region size 1024K, 9 young (9216K), 9 survivors (9216K)
 Metaspace       used 139347K, capacity 143630K, committed 143872K, reserved 1175552K
  class space    used 17071K, capacity 18642K, committed 18688K, reserved 1048576K
}
Event: 6152.918 GC heap before
{Heap before GC invocations=178 (full 0):
 garbage-first heap   total 274432K, used 153783K [0x0000000080000000, 0x0000000100000000)
  region size 1024K, 13 young (13312K), 9 survivors (9216K)
 Metaspace       used 139348K, capacity 143630K, committed 143872K, reserved 1175552K
  class space    used 17071K, capacity 18642K, committed 18688K, reserved 1048576K
}
Event: 6152.946 GC heap after
{Heap after GC invocations=179 (full 0):
 garbage-first heap   total 274432K, used 150132K [0x0000000080000000, 0x0000000100000000)
  region size 1024K, 2 young (2048K), 2 survivors (2048K)
 Metaspace       used 139348K, capacity 143630K, committed 143872K, reserved 1175552K
  class space    used 17071K, capacity 18642K, committed 18688K, reserved 1048576K
}
Event: 6153.584 GC heap before
{Heap before GC invocations=179 (full 0):
 garbage-first heap   total 274432K, used 191092K [0x0000000080000000, 0x0000000100000000)
  region size 1024K, 44 young (45056K), 2 survivors (2048K)
 Metaspace       used 139402K, capacity 143634K, committed 143872K, reserved 1175552K
  class space    used 17071K, capacity 18642K, committed 18688K, reserved 1048576K
}
Event: 6153.602 GC heap after
{Heap after GC invocations=180 (full 0):
 garbage-first heap   total 274432K, used 151811K [0x0000000080000000, 0x0000000100000000)
  region size 1024K, 3 young (3072K), 3 survivors (3072K)
 Metaspace       used 139402K, capacity 143634K, committed 143872K, reserved 1175552K
  class space    used 17071K, capacity 18642K, committed 18688K, reserved 1048576K
}
Event: 6155.866 GC heap before
{Heap before GC invocations=181 (full 0):
 garbage-first heap   total 274432K, used 214016K [0x0000000080000000, 0x0000000100000000)
  region size 1024K, 63 young (64512K), 3 survivors (3072K)
 Metaspace       used 139602K, capacity 143832K, committed 144128K, reserved 1175552K
  class space    used 17072K, capacity 18643K, committed 18688K, reserved 1048576K
}
Event: 6155.873 GC heap after
{Heap after GC invocations=182 (full 0):
 garbage-first heap   total 274432K, used 152426K [0x0000000080000000, 0x0000000100000000)
  region size 1024K, 3 young (3072K), 3 survivors (3072K)
 Metaspace       used 139602K, capacity 143832K, committed 144128K, reserved 1175552K
  class space    used 17072K, capacity 18643K, committed 18688K, reserved 1048576K
}
Event: 6156.034 GC heap before
{Heap before GC invocations=182 (full 0):
 garbage-first heap   total 274432K, used 165738K [0x0000000080000000, 0x0000000100000000)
  region size 1024K, 13 young (13312K), 3 survivors (3072K)
 Metaspace       used 139622K, capacity 143904K, committed 144128K, reserved 1175552K
  class space    used 17072K, capacity 18644K, committed 18688K, reserved 1048576K
}
Event: 6156.044 GC heap after
{Heap after GC invocations=183 (full 0):
 garbage-first heap   total 274432K, used 141327K [0x0000000080000000, 0x0000000100000000)
  region size 1024K, 1 young (1024K), 1 survivors (1024K)
 Metaspace       used 139622K, capacity 143904K, committed 144128K, reserved 1175552K
  class space    used 17072K, capacity 18644K, committed 18688K, reserved 1048576K
}
Event: 6156.690 GC heap before
{Heap before GC invocations=183 (full 0):
 garbage-first heap   total 274432K, used 209935K [0x0000000080000000, 0x0000000100000000)
  region size 1024K, 69 young (70656K), 1 survivors (1024K)
 Metaspace       used 139667K, capacity 143977K, committed 144128K, reserved 1175552K
  class space    used 17073K, capacity 18645K, committed 18688K, reserved 1048576K
}
Event: 6156.762 GC heap after
{Heap after GC invocations=184 (full 0):
 garbage-first heap   total 274432K, used 149427K [0x0000000080000000, 0x0000000100000000)
  region size 1024K, 9 young (9216K), 9 survivors (9216K)
 Metaspace       used 139667K, capacity 143977K, committed 144128K, reserved 1175552K
  class space    used 17073K, capacity 18645K, committed 18688K, reserved 1048576K
}
Event: 6244.438 GC heap before
{Heap before GC invocations=185 (full 0):
 garbage-first heap   total 274432K, used 236467K [0x0000000080000000, 0x0000000100000000)
  region size 1024K, 74 young (75776K), 9 survivors (9216K)
 Metaspace       used 139815K, capacity 144081K, committed 144128K, reserved 1175552K
  class space    used 17074K, capacity 18646K, committed 18688K, reserved 1048576K
}
Event: 6244.446 GC heap after
{Heap after GC invocations=186 (full 0):
 garbage-first heap   total 274432K, used 143064K [0x0000000080000000, 0x0000000100000000)
  region size 1024K, 3 young (3072K), 3 survivors (3072K)
 Metaspace       used 139815K, capacity 144081K, committed 144128K, reserved 1175552K
  class space    used 17074K, capacity 18646K, committed 18688K, reserved 1048576K
}
Event: 6244.708 GC heap before
{Heap before GC invocations=186 (full 0):
 garbage-first heap   total 274432K, used 152280K [0x0000000080000000, 0x0000000100000000)
  region size 1024K, 13 young (13312K), 3 survivors (3072K)
 Metaspace       used 139818K, capacity 144081K, committed 144128K, reserved 1175552K
  class space    used 17074K, capacity 18646K, committed 18688K, reserved 1048576K
}
Event: 6244.717 GC heap after
{Heap after GC invocations=187 (full 0):
 garbage-first heap   total 274432K, used 142270K [0x0000000080000000, 0x0000000100000000)
  region size 1024K, 1 young (1024K), 1 survivors (1024K)
 Metaspace       used 139818K, capacity 144081K, committed 144128K, reserved 1175552K
  class space    used 17074K, capacity 18646K, committed 18688K, reserved 1048576K
}
Event: 6245.428 GC heap before
{Heap before GC invocations=187 (full 0):
 garbage-first heap   total 274432K, used 168894K [0x0000000080000000, 0x0000000100000000)
  region size 1024K, 28 young (28672K), 1 survivors (1024K)
 Metaspace       used 139868K, capacity 144147K, committed 144384K, reserved 1175552K
  class space    used 17074K, capacity 18646K, committed 18688K, reserved 1048576K
}
Event: 6245.452 GC heap after
{Heap after GC invocations=188 (full 0):
 garbage-first heap   total 274432K, used 145992K [0x0000000080000000, 0x0000000100000000)
  region size 1024K, 5 young (5120K), 5 survivors (5120K)
 Metaspace       used 139868K, capacity 144147K, committed 144384K, reserved 1175552K
  class space    used 17074K, capacity 18646K, committed 18688K, reserved 1048576K
}

Deoptimization events (20 events):
Event: 6158.530 Thread 0x00000243da9f8800 Uncommon trap: trap_request=0xffffffbe fr.pc=0x00000243c6f66630 relative=0x0000000000000450
Event: 6158.530 Thread 0x00000243da9f8800 Uncommon trap: reason=profile_predicate action=maybe_recompile pc=0x00000243c6f66630 method=com.google.common.collect.ImmutableList.copyIntoArray([Ljava/lang/Object;I)I @ 11 c2
Event: 6158.530 Thread 0x00000243da9f8800 DEOPT PACKING pc=0x00000243c6f66630 sp=0x0000006e1c0fbae0
Event: 6158.530 Thread 0x00000243da9f8800 DEOPT UNPACKING pc=0x00000243bdfca1af sp=0x0000006e1c0fba90 mode 2
Event: 6158.530 Thread 0x00000243da9f8800 Uncommon trap: trap_request=0xffffffbe fr.pc=0x00000243c6f66630 relative=0x0000000000000450
Event: 6158.530 Thread 0x00000243da9f8800 Uncommon trap: reason=profile_predicate action=maybe_recompile pc=0x00000243c6f66630 method=com.google.common.collect.ImmutableList.copyIntoArray([Ljava/lang/Object;I)I @ 11 c2
Event: 6158.530 Thread 0x00000243da9f8800 DEOPT PACKING pc=0x00000243c6f66630 sp=0x0000006e1c0fbbd0
Event: 6158.530 Thread 0x00000243da9f8800 DEOPT UNPACKING pc=0x00000243bdfca1af sp=0x0000006e1c0fbb80 mode 2
Event: 6158.530 Thread 0x00000243da9f8800 Uncommon trap: trap_request=0xffffffbe fr.pc=0x00000243c6f66630 relative=0x0000000000000450
Event: 6158.530 Thread 0x00000243da9f8800 Uncommon trap: reason=profile_predicate action=maybe_recompile pc=0x00000243c6f66630 method=com.google.common.collect.ImmutableList.copyIntoArray([Ljava/lang/Object;I)I @ 11 c2
Event: 6158.530 Thread 0x00000243da9f8800 DEOPT PACKING pc=0x00000243c6f66630 sp=0x0000006e1c0fbae0
Event: 6158.530 Thread 0x00000243da9f8800 DEOPT UNPACKING pc=0x00000243bdfca1af sp=0x0000006e1c0fba90 mode 2
Event: 6245.567 Thread 0x00000243df56b800 DEOPT PACKING pc=0x00000243c18a4906 sp=0x0000006e2c1fb1b0
Event: 6245.567 Thread 0x00000243df56b800 DEOPT UNPACKING pc=0x00000243bdfca95e sp=0x0000006e2c1fa730 mode 0
Event: 6245.603 Thread 0x00000243df56b800 DEOPT PACKING pc=0x00000243bfcfba6d sp=0x0000006e2c1fb180
Event: 6245.603 Thread 0x00000243df56b800 DEOPT UNPACKING pc=0x00000243bdfca95e sp=0x0000006e2c1fa6f0 mode 0
Event: 6245.637 Thread 0x00000243df56b800 DEOPT PACKING pc=0x00000243bfcfba6d sp=0x0000006e2c1fb180
Event: 6245.637 Thread 0x00000243df56b800 DEOPT UNPACKING pc=0x00000243bdfca95e sp=0x0000006e2c1fa6f0 mode 0
Event: 6245.912 Thread 0x00000243d9fa7000 DEOPT PACKING pc=0x00000243bf4f342a sp=0x0000006e2c3fdd30
Event: 6245.912 Thread 0x00000243d9fa7000 DEOPT UNPACKING pc=0x00000243bdfca95e sp=0x0000006e2c3fd3e0 mode 0

Classes redefined (0 events):
No events

Internal exceptions (20 events):
Event: 6156.577 Thread 0x00000243da9f2000 Exception <a 'sun/nio/fs/WindowsException'{0x000000008ca42838}> (0x000000008ca42838) thrown at [./src/hotspot/share/prims/jni.cpp, line 615]
Event: 6156.637 Thread 0x00000243da9f2000 Exception <a 'sun/nio/fs/WindowsException'{0x000000008ca4b810}> (0x000000008ca4b810) thrown at [./src/hotspot/share/prims/jni.cpp, line 615]
Event: 6156.673 Thread 0x00000243da9f2000 Exception <a 'sun/nio/fs/WindowsException'{0x000000008ca52fe8}> (0x000000008ca52fe8) thrown at [./src/hotspot/share/prims/jni.cpp, line 615]
Event: 6157.438 Thread 0x00000243da9f2000 Exception <a 'sun/nio/fs/WindowsException'{0x00000000901b1c58}> (0x00000000901b1c58) thrown at [./src/hotspot/share/prims/jni.cpp, line 615]
Event: 6157.928 Thread 0x00000243da9f2000 Exception <a 'sun/nio/fs/WindowsException'{0x000000008f476860}> (0x000000008f476860) thrown at [./src/hotspot/share/prims/jni.cpp, line 615]
Event: 6157.964 Thread 0x00000243da9f4000 Exception <a 'sun/nio/fs/WindowsException'{0x000000008ed91790}> (0x000000008ed91790) thrown at [./src/hotspot/share/prims/jni.cpp, line 615]
Event: 6157.987 Thread 0x00000243da9f4000 Exception <a 'sun/nio/fs/WindowsException'{0x000000008eaec0f8}> (0x000000008eaec0f8) thrown at [./src/hotspot/share/prims/jni.cpp, line 615]
Event: 6157.991 Thread 0x00000243da9f5000 Exception <a 'sun/nio/fs/WindowsException'{0x000000008f665e30}> (0x000000008f665e30) thrown at [./src/hotspot/share/prims/jni.cpp, line 615]
Event: 6158.027 Thread 0x00000243da9f5000 Exception <a 'sun/nio/fs/WindowsException'{0x000000008e78a208}> (0x000000008e78a208) thrown at [./src/hotspot/share/prims/jni.cpp, line 615]
Event: 6158.313 Thread 0x00000243da9f2000 Exception <a 'sun/nio/fs/WindowsException'{0x000000008dbc6188}> (0x000000008dbc6188) thrown at [./src/hotspot/share/prims/jni.cpp, line 615]
Event: 6158.528 Thread 0x00000243da9f8800 Exception <a 'sun/nio/fs/WindowsException'{0x000000008da7ced0}> (0x000000008da7ced0) thrown at [./src/hotspot/share/prims/jni.cpp, line 615]
Event: 6158.528 Thread 0x00000243da9f8800 Exception <a 'sun/nio/fs/WindowsException'{0x000000008da7d070}> (0x000000008da7d070) thrown at [./src/hotspot/share/prims/jni.cpp, line 615]
Event: 6158.528 Thread 0x00000243da9f8800 Exception <a 'sun/nio/fs/WindowsException'{0x000000008da7ea60}> (0x000000008da7ea60) thrown at [./src/hotspot/share/prims/jni.cpp, line 615]
Event: 6244.766 Thread 0x00000243da9fa000 Exception <a 'sun/nio/fs/WindowsException'{0x0000000090ae1cd0}> (0x0000000090ae1cd0) thrown at [./src/hotspot/share/prims/jni.cpp, line 615]
Event: 6244.827 Thread 0x00000243da9fa000 Exception <a 'java/lang/NoClassDefFoundError'{0x0000000090617698}: org/jetbrains/kotlin/gradle/plugin/KotlinBasePluginWrapper> (0x0000000090617698) thrown at [./src/hotspot/share/oops/constantPool.cpp, line 775]
Event: 6244.854 Thread 0x00000243da9fa000 Exception <a 'sun/nio/fs/WindowsException'{0x0000000090551cb8}> (0x0000000090551cb8) thrown at [./src/hotspot/share/prims/jni.cpp, line 615]
Event: 6244.866 Thread 0x00000243da9fa000 Exception <a 'sun/nio/fs/WindowsException'{0x00000000905f46b0}> (0x00000000905f46b0) thrown at [./src/hotspot/share/prims/jni.cpp, line 615]
Event: 6244.866 Thread 0x00000243da9fa000 Exception <a 'sun/nio/fs/WindowsException'{0x00000000905f5920}> (0x00000000905f5920) thrown at [./src/hotspot/share/prims/jni.cpp, line 615]
Event: 6244.866 Thread 0x00000243da9fa000 Exception <a 'sun/nio/fs/WindowsException'{0x00000000905f6be0}> (0x00000000905f6be0) thrown at [./src/hotspot/share/prims/jni.cpp, line 615]
Event: 6244.867 Thread 0x00000243da9fa000 Exception <a 'sun/nio/fs/WindowsException'{0x00000000905f7ea0}> (0x00000000905f7ea0) thrown at [./src/hotspot/share/prims/jni.cpp, line 615]

Events (20 events):
Event: 6245.043 Executing VM operation: RevokeBias
Event: 6245.044 Executing VM operation: RevokeBias done
Event: 6245.047 Executing VM operation: RevokeBias
Event: 6245.048 Executing VM operation: RevokeBias done
Event: 6245.053 Executing VM operation: RevokeBias
Event: 6245.054 Executing VM operation: RevokeBias done
Event: 6245.058 Executing VM operation: RevokeBias
Event: 6245.058 Executing VM operation: RevokeBias done
Event: 6245.427 Executing VM operation: G1CollectForAllocation
Event: 6245.452 Executing VM operation: G1CollectForAllocation done
Event: 6245.728 Executing VM operation: CGC_Operation
Event: 6245.757 Executing VM operation: CGC_Operation done
Event: 6245.782 Thread 0x00000243d9fa7000 Thread added: 0x00000243d9fa7000
Event: 6245.791 Executing VM operation: BulkRevokeBias
Event: 6245.796 Executing VM operation: BulkRevokeBias done
Event: 6245.797 Executing VM operation: RevokeBias
Event: 6245.798 Executing VM operation: RevokeBias done
Event: 6245.894 Executing VM operation: RevokeBias
Event: 6245.896 Executing VM operation: RevokeBias done
Event: 6245.904 Thread 0x00000243d9fa1000 Thread added: 0x00000243d9fa1000


Dynamic libraries:
0x00007ff614870000 - 0x00007ff61487a000 	C:\Program Files\Android\Android Studio1\jre\bin\java.exe
0x00007ffc54df0000 - 0x00007ffc54fc0000 	C:\Windows\SYSTEM32\ntdll.dll
0x00007ffc54b50000 - 0x00007ffc54bfc000 	C:\Windows\System32\KERNEL32.DLL
0x00007ffc520c0000 - 0x00007ffc522dd000 	C:\Windows\System32\KERNELBASE.dll
0x00007ffc51390000 - 0x00007ffc51484000 	C:\Windows\System32\ucrtbase.dll
0x00007ffc3fa30000 - 0x00007ffc3fa49000 	C:\Program Files\Android\Android Studio1\jre\bin\jli.dll
0x00007ffc52390000 - 0x00007ffc524f5000 	C:\Windows\System32\USER32.dll
0x00007ffc518f0000 - 0x00007ffc5190e000 	C:\Windows\System32\win32u.dll
0x00007ffc549f0000 - 0x00007ffc54a24000 	C:\Windows\System32\GDI32.dll
0x00007ffc514e0000 - 0x00007ffc51661000 	C:\Windows\System32\gdi32full.dll
0x00007ffc3ad20000 - 0x00007ffc3ad37000 	C:\Program Files\Android\Android Studio1\jre\bin\VCRUNTIME140.dll
0x00007ffc42180000 - 0x00007ffc423fa000 	C:\Windows\WinSxS\amd64_microsoft.windows.common-controls_6595b64144ccf1df_6.0.14393.3053_none_7de042968342015d\COMCTL32.dll
0x00007ffc54c10000 - 0x00007ffc54cae000 	C:\Windows\System32\msvcrt.dll
0x00007ffc54020000 - 0x00007ffc542e5000 	C:\Windows\System32\combase.dll
0x00007ffc53ef0000 - 0x00007ffc54011000 	C:\Windows\System32\RPCRT4.dll
0x00007ffc51ff0000 - 0x00007ffc5205a000 	C:\Windows\System32\bcryptPrimitives.dll
0x00007ffc54cb0000 - 0x00007ffc54cde000 	C:\Windows\System32\IMM32.DLL
0x00007ffc1cc90000 - 0x00007ffc1cd2d000 	C:\Program Files\Android\Android Studio1\jre\bin\msvcp140.dll
0x00007ffc19dd0000 - 0x00007ffc1a8b5000 	C:\Program Files\Android\Android Studio1\jre\bin\server\jvm.dll
0x00007ffc54d40000 - 0x00007ffc54de2000 	C:\Windows\System32\ADVAPI32.dll
0x00007ffc542f0000 - 0x00007ffc54349000 	C:\Windows\System32\sechost.dll
0x00007ffc54c00000 - 0x00007ffc54c08000 	C:\Windows\System32\PSAPI.DLL
0x00007ffc4cd60000 - 0x00007ffc4cd69000 	C:\Windows\SYSTEM32\WSOCK32.dll
0x00007ffc544b0000 - 0x00007ffc5451a000 	C:\Windows\System32\WS2_32.dll
0x00007ffc4f440000 - 0x00007ffc4f463000 	C:\Windows\SYSTEM32\WINMM.dll
0x00007ffc47570000 - 0x00007ffc4757a000 	C:\Windows\SYSTEM32\VERSION.dll
0x00007ffc4f3a0000 - 0x00007ffc4f3cb000 	C:\Windows\SYSTEM32\WINMMBASE.dll
0x00007ffc51490000 - 0x00007ffc514d2000 	C:\Windows\System32\cfgmgr32.dll
0x00007ffc51250000 - 0x00007ffc5125f000 	C:\Windows\System32\kernel.appcore.dll
0x00007ffc40d20000 - 0x00007ffc40d31000 	C:\Program Files\Android\Android Studio1\jre\bin\verify.dll
0x00007ffc44bd0000 - 0x00007ffc44d62000 	C:\Windows\SYSTEM32\DBGHELP.DLL
0x00007ffc44dc0000 - 0x00007ffc44de9000 	C:\Windows\SYSTEM32\dbgcore.DLL
0x00007ffc32d00000 - 0x00007ffc32d29000 	C:\Program Files\Android\Android Studio1\jre\bin\java.dll
0x00007ffc4ca00000 - 0x00007ffc4ca0b000 	C:\Program Files\Android\Android Studio1\jre\bin\jimage.dll
0x00007ffc3e640000 - 0x00007ffc3e658000 	C:\Program Files\Android\Android Studio1\jre\bin\zip.dll
0x00007ffc52730000 - 0x00007ffc53c35000 	C:\Windows\System32\SHELL32.dll
0x00007ffc51910000 - 0x00007ffc51fea000 	C:\Windows\System32\windows.storage.dll
0x00007ffc51290000 - 0x00007ffc512dc000 	C:\Windows\System32\powrprof.dll
0x00007ffc52520000 - 0x00007ffc52572000 	C:\Windows\System32\shlwapi.dll
0x00007ffc51670000 - 0x00007ffc51719000 	C:\Windows\System32\shcore.dll
0x00007ffc51270000 - 0x00007ffc51284000 	C:\Windows\System32\profapi.dll
0x00007ffc3e340000 - 0x00007ffc3e35a000 	C:\Program Files\Android\Android Studio1\jre\bin\net.dll
0x00007ffc4af80000 - 0x00007ffc4b04c000 	C:\Windows\SYSTEM32\WINHTTP.dll
0x00007ffc50b10000 - 0x00007ffc50b6c000 	C:\Windows\system32\mswsock.dll
0x00007ffc3bdc0000 - 0x00007ffc3bdd4000 	C:\Program Files\Android\Android Studio1\jre\bin\nio.dll
0x00007ffc2c4f0000 - 0x00007ffc2c517000 	C:\Users\user76\.gradle\native\e1d6ef7f7dcc3fd88c89a11ec53ec762bb8ba0a96d01ffa2cd45eb1d1d8dd5c5\windows-amd64\native-platform.dll
0x00007ffc4af30000 - 0x00007ffc4af3a000 	C:\Program Files\Android\Android Studio1\jre\bin\management.dll
0x00007ffc4a4f0000 - 0x00007ffc4a4fd000 	C:\Program Files\Android\Android Studio1\jre\bin\management_ext.dll
0x00007ffc50cc0000 - 0x00007ffc50cd7000 	C:\Windows\SYSTEM32\CRYPTSP.dll
0x00007ffc506d0000 - 0x00007ffc50703000 	C:\Windows\system32\rsaenh.dll
0x00007ffc511a0000 - 0x00007ffc511cb000 	C:\Windows\SYSTEM32\bcrypt.dll
0x00007ffc509a0000 - 0x00007ffc509bf000 	C:\Windows\SYSTEM32\USERENV.dll
0x00007ffc51180000 - 0x00007ffc5118b000 	C:\Windows\SYSTEM32\CRYPTBASE.dll
0x00007ffc50850000 - 0x00007ffc50888000 	C:\Windows\SYSTEM32\IPHLPAPI.DLL
0x00007ffc52720000 - 0x00007ffc52728000 	C:\Windows\System32\NSI.dll
0x00007ffc4db80000 - 0x00007ffc4db96000 	C:\Windows\SYSTEM32\dhcpcsvc6.DLL
0x00007ffc4ddd0000 - 0x00007ffc4ddea000 	C:\Windows\SYSTEM32\dhcpcsvc.DLL
0x00007ffc4ff00000 - 0x00007ffc4ff32000 	C:\Windows\SYSTEM32\ntmarta.dll

dbghelp: loaded successfully - version: 4.0.5 - missing functions: none
symbol engine: initialized successfully - sym options: 0x614 - pdb path: .;C:\Program Files\Android\Android Studio1\jre\bin;C:\Windows\SYSTEM32;C:\Windows\WinSxS\amd64_microsoft.windows.common-controls_6595b64144ccf1df_6.0.14393.3053_none_7de042968342015d;C:\Program Files\Android\Android Studio1\jre\bin\server;C:\Users\user76\.gradle\native\e1d6ef7f7dcc3fd88c89a11ec53ec762bb8ba0a96d01ffa2cd45eb1d1d8dd5c5\windows-amd64

VM Arguments:
jvm_args: --add-opens=java.base/java.util=ALL-UNNAMED --add-opens=java.base/java.lang=ALL-UNNAMED --add-opens=java.base/java.lang.invoke=ALL-UNNAMED --add-opens=java.base/java.util=ALL-UNNAMED --add-opens=java.prefs/java.util.prefs=ALL-UNNAMED --add-opens=java.prefs/java.util.prefs=ALL-UNNAMED --add-opens=java.base/java.nio.charset=ALL-UNNAMED --add-opens=java.base/java.net=ALL-UNNAMED --add-opens=java.base/java.util.concurrent.atomic=ALL-UNNAMED -Xmx2048m -Dfile.encoding=UTF-8 -Duser.country=IN -Duser.language=en -Duser.variant 
java_command: org.gradle.launcher.daemon.bootstrap.GradleDaemon 7.3.3
java_class_path (initial): C:\Users\user76\.gradle\wrapper\dists\gradle-7.3.3-bin\6a41zxkdtcxs8rphpq6y0069z\gradle-7.3.3\lib\gradle-launcher-7.3.3.jar
Launcher Type: SUN_STANDARD

[Global flags]
     intx CICompilerCount                          = 3                                         {product} {ergonomic}
     uint ConcGCThreads                            = 1                                         {product} {ergonomic}
     uint G1ConcRefinementThreads                  = 4                                         {product} {ergonomic}
   size_t G1HeapRegionSize                         = 1048576                                   {product} {ergonomic}
    uintx GCDrainStackTargetSize                   = 64                                        {product} {ergonomic}
   size_t InitialHeapSize                          = 130023424                                 {product} {ergonomic}
   size_t MarkStackSize                            = 4194304                                   {product} {ergonomic}
   size_t MaxHeapSize                              = 2147483648                                {product} {command line}
   size_t MaxNewSize                               = 1287651328                                {product} {ergonomic}
   size_t MinHeapDeltaBytes                        = 1048576                                   {product} {ergonomic}
    uintx NonNMethodCodeHeapSize                   = 5830732                                {pd product} {ergonomic}
    uintx NonProfiledCodeHeapSize                  = 122913754                              {pd product} {ergonomic}
    uintx ProfiledCodeHeapSize                     = 122913754                              {pd product} {ergonomic}
    uintx ReservedCodeCacheSize                    = 251658240                              {pd product} {ergonomic}
     bool SegmentedCodeCache                       = true                                      {product} {ergonomic}
     bool UseCompressedClassPointers               = true                                 {lp64_product} {ergonomic}
     bool UseCompressedOops                        = true                                 {lp64_product} {ergonomic}
     bool UseG1GC                                  = true                                      {product} {ergonomic}
     bool UseLargePagesIndividualAllocation        = false                                  {pd product} {ergonomic}

Logging:
Log output configuration:
 #0: stdout all=warning uptime,level,tags
 #1: stderr all=off uptime,level,tags

Environment Variables:
JAVA_HOME=C:\Program Files\Java\jdk1.8.0_211
CLASSPATH=.;
PATH=C:\Windows\system32;C:\Windows;C:\Windows\System32\Wbem;C:\Windows\System32\WindowsPowerShell\v1.0\;C:\ProgramData\chocolatey\bin;C:\Program Files\Java\jdk1.8.0_211\bin;C:\Users\user76\AppData\Local\Android\Sdk;C:\Users\user76\AppData\Local\Android\Sdk;C:\Users\user76\AppData\Local\Android\Sdk\platform-tools;C:\Program Files\Java\jdk1.8.0_211\bin;C:\Program Files\nodejs\;C:\Program Files (x86)\Yarn\bin\;C:\Program Files\Git\cmd;C:\Program Files\PuTTY\;C:\Users\user76\anaconda3;C:\Users\user76\anaconda3\Library\mingw-w64\bin;C:\Users\user76\anaconda3\Library\usr\bin;C:\Users\user76\anaconda3\Library\bin;C:\Users\user76\anaconda3\Scripts;C:\Users\user76\AppData\Local\Programs\Python\Python36\Scripts\;C:\Users\user76\AppData\Local\Programs\Python\Python36\;C:\Users\user76\AppData\Local\Programs\Python\Launcher\;C:\Users\user76\AppData\Local\Microsoft\WindowsApps;C:\Users\user76\AppData\Roaming\npm;C:\Users\user76\AppData\Local\Yarn\bin;C:\Users\user76\AppData\Local\Programs\Microsoft VS Code\bin
USERNAME=user76
OS=Windows_NT
PROCESSOR_IDENTIFIER=Intel64 Family 6 Model 58 Stepping 9, GenuineIntel



---------------  S Y S T E M  ---------------

OS: Windows 10 , 64 bit Build 14393 (10.0.14393.2969)
OS uptime: 1 days 9:47 hours

CPU:total 4 (initial active 4) (2 cores per cpu, 2 threads per core) family 6 model 58 stepping 9 microcode 0x20, cmov, cx8, fxsr, mmx, sse, sse2, sse3, ssse3, sse4.1, sse4.2, popcnt, avx, clmul, erms, ht, tsc, tscinvbit, tscinv

Memory: 4k page, system-wide physical 7890M (1103M free)
TotalPageFile size 11434M (AvailPageFile size 5M)
current process WorkingSet (physical memory assigned to process): 576M, peak: 600M
current process commit charge ("private bytes"): 703M, peak: 722M

vm_info: OpenJDK 64-Bit Server VM (11.0.12+7-b1504.28-7817840) for windows-amd64 JRE (11.0.12+7-b1504.28-7817840), built on Oct 13 2021 22:12:33 by "builder" with MS VC++ 14.0 (VS2015)

END.
